The target system is: Generic -  - 
The host system is: Darwin - 21.2.0 - arm64
Compiling the C compiler identification source file "CMakeCCompilerId.c" succeeded.
Compiler: /Users/computer-wizz/.espressif/tools/xtensa-esp32-elf/esp-2021r2-8.4.0/xtensa-esp32-elf/bin/xtensa-esp32-elf-gcc 
Build flags: -mlongcalls;-Wno-frame-address;
Id flags:  

The output was:
0


Compilation of the C compiler identification source "CMakeCCompilerId.c" produced "a.out"

The C compiler identification is GNU, found in "/Users/computer-wizz/esp/Quest2/SuperCode/build/CMakeFiles/3.20.3/CompilerIdC/a.out"

Compiling the CXX compiler identification source file "CMakeCXXCompilerId.cpp" succeeded.
Compiler: /Users/computer-wizz/.espressif/tools/xtensa-esp32-elf/esp-2021r2-8.4.0/xtensa-esp32-elf/bin/xtensa-esp32-elf-g++ 
Build flags: -mlongcalls;-Wno-frame-address;
Id flags:  

The output was:
0


Compilation of the CXX compiler identification source "CMakeCXXCompilerId.cpp" produced "a.out"

The CXX compiler identification is GNU, found in "/Users/computer-wizz/esp/Quest2/SuperCode/build/CMakeFiles/3.20.3/CompilerIdCXX/a.out"

Checking whether the ASM compiler is GNU using "--version" matched "(GNU assembler)|(GCC)|(Free Software Foundation)":
xtensa-esp32-elf-gcc (crosstool-NG esp-2021r2) 8.4.0
Copyright (C) 2018 Free Software Foundation, Inc.
This is free software; see the source for copying conditions.  There is NO
warranty; not even for MERCHANTABILITY or FITNESS FOR A PARTICULAR PURPOSE.

Detecting C compiler ABI info compiled with the following output:
Change Dir: /Users/computer-wizz/esp/Quest2/SuperCode/build/CMakeFiles/CMakeTmp

Run Build Command(s):/Users/computer-wizz/.espressif/tools/ninja/1.10.2/ninja cmTC_598c8 && [1/2] Building C object CMakeFiles/cmTC_598c8.dir/CMakeCCompilerABI.c.obj
Using built-in specs.
COLLECT_GCC=/Users/computer-wizz/.espressif/tools/xtensa-esp32-elf/esp-2021r2-8.4.0/xtensa-esp32-elf/bin/xtensa-esp32-elf-gcc
Target: xtensa-esp32-elf
Configured with: /builds/idf/crosstool-NG/.build/HOST-x86_64-apple-darwin12/xtensa-esp32-elf/src/gcc/configure --build=x86_64-build_pc-linux-gnu --host=x86_64-host_apple-darwin12 --target=xtensa-esp32-elf --prefix=/builds/idf/crosstool-NG/builds/xtensa-esp32-elf --with-local-prefix=/builds/idf/crosstool-NG/builds/xtensa-esp32-elf/xtensa-esp32-elf --with-headers=/builds/idf/crosstool-NG/builds/xtensa-esp32-elf/xtensa-esp32-elf/include --with-newlib --enable-threads=no --disable-shared --with-pkgversion='crosstool-NG esp-2021r2' --disable-__cxa_atexit --enable-cxx-flags=-ffunction-sections --disable-libgomp --disable-libmudflap --disable-libmpx --disable-libssp --disable-libquadmath --disable-libquadmath-support --with-gmp=/builds/idf/crosstool-NG/.build/HOST-x86_64-apple-darwin12/xtensa-esp32-elf/buildtools/complibs-host --with-mpfr=/builds/idf/crosstool-NG/.build/HOST-x86_64-apple-darwin12/xtensa-esp32-elf/buildtools/complibs-host --with-mpc=/builds/idf/crosstool-NG/.build/HOST-x86_64-apple-darwin12/xtensa-esp32-elf/buildtools/complibs-host --with-isl=/builds/idf/crosstool-NG/.build/HOST-x86_64-apple-darwin12/xtensa-esp32-elf/buildtools/complibs-host --enable-lto --enable-target-optspace --without-long-double-128 --disable-nls --enable-multiarch --enable-languages=c,c++ --disable-libstdcxx-verbose --enable-threads=posix --enable-gcov-custom-rtio --enable-libstdcxx-time=yes
Thread model: posix
gcc version 8.4.0 (crosstool-NG esp-2021r2) 
COLLECT_GCC_OPTIONS='-mlongcalls' '-Wno-frame-address' '-v' '-o' 'CMakeFiles/cmTC_598c8.dir/CMakeCCompilerABI.c.obj' '-c'
 /Users/computer-wizz/.espressif/tools/xtensa-esp32-elf/esp-2021r2-8.4.0/xtensa-esp32-elf/bin/../libexec/gcc/xtensa-esp32-elf/8.4.0/cc1 -quiet -v -iprefix /Users/computer-wizz/.espressif/tools/xtensa-esp32-elf/esp-2021r2-8.4.0/xtensa-esp32-elf/bin/../lib/gcc/xtensa-esp32-elf/8.4.0/ /Users/computer-wizz/.espressif/tools/cmake/3.20.3/CMake.app/Contents/share/cmake-3.20/Modules/CMakeCCompilerABI.c -quiet -dumpbase CMakeCCompilerABI.c -mlongcalls -auxbase-strip CMakeFiles/cmTC_598c8.dir/CMakeCCompilerABI.c.obj -Wno-frame-address -version -o /var/folders/vs/md0r3zc90zs399fpktlxyfpr0000gn/T//ccMjE3rh.s
GNU C17 (crosstool-NG esp-2021r2) version 8.4.0 (xtensa-esp32-elf)
	compiled by GNU C version 8.3.0, GMP version 6.2.0, MPFR version 4.0.2, MPC version 1.1.0, isl version isl-0.19-GMP

GGC heuristics: --param ggc-min-expand=100 --param ggc-min-heapsize=131072
ignoring duplicate directory "/Users/computer-wizz/.espressif/tools/xtensa-esp32-elf/esp-2021r2-8.4.0/xtensa-esp32-elf/bin/../lib/gcc/../../lib/gcc/xtensa-esp32-elf/8.4.0/include"
ignoring duplicate directory "/Users/computer-wizz/.espressif/tools/xtensa-esp32-elf/esp-2021r2-8.4.0/xtensa-esp32-elf/bin/../lib/gcc/../../lib/gcc/xtensa-esp32-elf/8.4.0/include-fixed"
ignoring duplicate directory "/Users/computer-wizz/.espressif/tools/xtensa-esp32-elf/esp-2021r2-8.4.0/xtensa-esp32-elf/bin/../lib/gcc/../../lib/gcc/xtensa-esp32-elf/8.4.0/../../../../xtensa-esp32-elf/sys-include"
ignoring duplicate directory "/Users/computer-wizz/.espressif/tools/xtensa-esp32-elf/esp-2021r2-8.4.0/xtensa-esp32-elf/bin/../lib/gcc/../../lib/gcc/xtensa-esp32-elf/8.4.0/../../../../xtensa-esp32-elf/include"
#include "..." search starts here:
#include <...> search starts here:
 /Users/computer-wizz/.espressif/tools/xtensa-esp32-elf/esp-2021r2-8.4.0/xtensa-esp32-elf/bin/../lib/gcc/xtensa-esp32-elf/8.4.0/include
 /Users/computer-wizz/.espressif/tools/xtensa-esp32-elf/esp-2021r2-8.4.0/xtensa-esp32-elf/bin/../lib/gcc/xtensa-esp32-elf/8.4.0/include-fixed
 /Users/computer-wizz/.espressif/tools/xtensa-esp32-elf/esp-2021r2-8.4.0/xtensa-esp32-elf/bin/../lib/gcc/xtensa-esp32-elf/8.4.0/../../../../xtensa-esp32-elf/sys-include
 /Users/computer-wizz/.espressif/tools/xtensa-esp32-elf/esp-2021r2-8.4.0/xtensa-esp32-elf/bin/../lib/gcc/xtensa-esp32-elf/8.4.0/../../../../xtensa-esp32-elf/include
End of search list.
GNU C17 (crosstool-NG esp-2021r2) version 8.4.0 (xtensa-esp32-elf)
	compiled by GNU C version 8.3.0, GMP version 6.2.0, MPFR version 4.0.2, MPC version 1.1.0, isl version isl-0.19-GMP

GGC heuristics: --param ggc-min-expand=100 --param ggc-min-heapsize=131072
Compiler executable checksum: daa8be1993c35177e7a24bac8b1b4e20
COLLECT_GCC_OPTIONS='-mlongcalls' '-Wno-frame-address' '-v' '-o' 'CMakeFiles/cmTC_598c8.dir/CMakeCCompilerABI.c.obj' '-c'
 /Users/computer-wizz/.espressif/tools/xtensa-esp32-elf/esp-2021r2-8.4.0/xtensa-esp32-elf/bin/../lib/gcc/xtensa-esp32-elf/8.4.0/../../../../xtensa-esp32-elf/bin/as --traditional-format --longcalls -o CMakeFiles/cmTC_598c8.dir/CMakeCCompilerABI.c.obj /var/folders/vs/md0r3zc90zs399fpktlxyfpr0000gn/T//ccMjE3rh.s
COMPILER_PATH=/Users/computer-wizz/.espressif/tools/xtensa-esp32-elf/esp-2021r2-8.4.0/xtensa-esp32-elf/bin/../libexec/gcc/xtensa-esp32-elf/8.4.0/:/Users/computer-wizz/.espressif/tools/xtensa-esp32-elf/esp-2021r2-8.4.0/xtensa-esp32-elf/bin/../libexec/gcc/:/Users/computer-wizz/.espressif/tools/xtensa-esp32-elf/esp-2021r2-8.4.0/xtensa-esp32-elf/bin/../lib/gcc/xtensa-esp32-elf/8.4.0/../../../../xtensa-esp32-elf/bin/
LIBRARY_PATH=/Users/computer-wizz/.espressif/tools/xtensa-esp32-elf/esp-2021r2-8.4.0/xtensa-esp32-elf/bin/../lib/gcc/xtensa-esp32-elf/8.4.0/:/Users/computer-wizz/.espressif/tools/xtensa-esp32-elf/esp-2021r2-8.4.0/xtensa-esp32-elf/bin/../lib/gcc/:/Users/computer-wizz/.espressif/tools/xtensa-esp32-elf/esp-2021r2-8.4.0/xtensa-esp32-elf/bin/../lib/gcc/xtensa-esp32-elf/8.4.0/../../../../xtensa-esp32-elf/lib/
COLLECT_GCC_OPTIONS='-mlongcalls' '-Wno-frame-address' '-v' '-o' 'CMakeFiles/cmTC_598c8.dir/CMakeCCompilerABI.c.obj' '-c'
[2/2] Linking C executable cmTC_598c8
Using built-in specs.
COLLECT_GCC=/Users/computer-wizz/.espressif/tools/xtensa-esp32-elf/esp-2021r2-8.4.0/xtensa-esp32-elf/bin/xtensa-esp32-elf-gcc
COLLECT_LTO_WRAPPER=/Users/computer-wizz/.espressif/tools/xtensa-esp32-elf/esp-2021r2-8.4.0/xtensa-esp32-elf/bin/../libexec/gcc/xtensa-esp32-elf/8.4.0/lto-wrapper
Target: xtensa-esp32-elf
Configured with: /builds/idf/crosstool-NG/.build/HOST-x86_64-apple-darwin12/xtensa-esp32-elf/src/gcc/configure --build=x86_64-build_pc-linux-gnu --host=x86_64-host_apple-darwin12 --target=xtensa-esp32-elf --prefix=/builds/idf/crosstool-NG/builds/xtensa-esp32-elf --with-local-prefix=/builds/idf/crosstool-NG/builds/xtensa-esp32-elf/xtensa-esp32-elf --with-headers=/builds/idf/crosstool-NG/builds/xtensa-esp32-elf/xtensa-esp32-elf/include --with-newlib --enable-threads=no --disable-shared --with-pkgversion='crosstool-NG esp-2021r2' --disable-__cxa_atexit --enable-cxx-flags=-ffunction-sections --disable-libgomp --disable-libmudflap --disable-libmpx --disable-libssp --disable-libquadmath --disable-libquadmath-support --with-gmp=/builds/idf/crosstool-NG/.build/HOST-x86_64-apple-darwin12/xtensa-esp32-elf/buildtools/complibs-host --with-mpfr=/builds/idf/crosstool-NG/.build/HOST-x86_64-apple-darwin12/xtensa-esp32-elf/buildtools/complibs-host --with-mpc=/builds/idf/crosstool-NG/.build/HOST-x86_64-apple-darwin12/xtensa-esp32-elf/buildtools/complibs-host --with-isl=/builds/idf/crosstool-NG/.build/HOST-x86_64-apple-darwin12/xtensa-esp32-elf/buildtools/complibs-host --enable-lto --enable-target-optspace --without-long-double-128 --disable-nls --enable-multiarch --enable-languages=c,c++ --disable-libstdcxx-verbose --enable-threads=posix --enable-gcov-custom-rtio --enable-libstdcxx-time=yes
Thread model: posix
gcc version 8.4.0 (crosstool-NG esp-2021r2) 
COMPILER_PATH=/Users/computer-wizz/.espressif/tools/xtensa-esp32-elf/esp-2021r2-8.4.0/xtensa-esp32-elf/bin/../libexec/gcc/xtensa-esp32-elf/8.4.0/:/Users/computer-wizz/.espressif/tools/xtensa-esp32-elf/esp-2021r2-8.4.0/xtensa-esp32-elf/bin/../libexec/gcc/:/Users/computer-wizz/.espressif/tools/xtensa-esp32-elf/esp-2021r2-8.4.0/xtensa-esp32-elf/bin/../lib/gcc/xtensa-esp32-elf/8.4.0/../../../../xtensa-esp32-elf/bin/
LIBRARY_PATH=/Users/computer-wizz/.espressif/tools/xtensa-esp32-elf/esp-2021r2-8.4.0/xtensa-esp32-elf/bin/../lib/gcc/xtensa-esp32-elf/8.4.0/:/Users/computer-wizz/.espressif/tools/xtensa-esp32-elf/esp-2021r2-8.4.0/xtensa-esp32-elf/bin/../lib/gcc/:/Users/computer-wizz/.espressif/tools/xtensa-esp32-elf/esp-2021r2-8.4.0/xtensa-esp32-elf/bin/../lib/gcc/xtensa-esp32-elf/8.4.0/../../../../xtensa-esp32-elf/lib/
COLLECT_GCC_OPTIONS='-mlongcalls' '-Wno-frame-address' '-v' '-o' 'cmTC_598c8'
 /Users/computer-wizz/.espressif/tools/xtensa-esp32-elf/esp-2021r2-8.4.0/xtensa-esp32-elf/bin/../libexec/gcc/xtensa-esp32-elf/8.4.0/collect2 -plugin /Users/computer-wizz/.espressif/tools/xtensa-esp32-elf/esp-2021r2-8.4.0/xtensa-esp32-elf/bin/../libexec/gcc/xtensa-esp32-elf/8.4.0/liblto_plugin.so -plugin-opt=/Users/computer-wizz/.espressif/tools/xtensa-esp32-elf/esp-2021r2-8.4.0/xtensa-esp32-elf/bin/../libexec/gcc/xtensa-esp32-elf/8.4.0/lto-wrapper -plugin-opt=-fresolution=/var/folders/vs/md0r3zc90zs399fpktlxyfpr0000gn/T//ccuvQ8EI.res -plugin-opt=-pass-through=-lgcc -plugin-opt=-pass-through=-lc -plugin-opt=-pass-through=-lnosys -plugin-opt=-pass-through=-lc -plugin-opt=-pass-through=-lgcc -o cmTC_598c8 /Users/computer-wizz/.espressif/tools/xtensa-esp32-elf/esp-2021r2-8.4.0/xtensa-esp32-elf/bin/../lib/gcc/xtensa-esp32-elf/8.4.0/../../../../xtensa-esp32-elf/lib/crt0.o /Users/computer-wizz/.espressif/tools/xtensa-esp32-elf/esp-2021r2-8.4.0/xtensa-esp32-elf/bin/../lib/gcc/xtensa-esp32-elf/8.4.0/crti.o /Users/computer-wizz/.espressif/tools/xtensa-esp32-elf/esp-2021r2-8.4.0/xtensa-esp32-elf/bin/../lib/gcc/xtensa-esp32-elf/8.4.0/crtbegin.o -L/Users/computer-wizz/.espressif/tools/xtensa-esp32-elf/esp-2021r2-8.4.0/xtensa-esp32-elf/bin/../lib/gcc/xtensa-esp32-elf/8.4.0 -L/Users/computer-wizz/.espressif/tools/xtensa-esp32-elf/esp-2021r2-8.4.0/xtensa-esp32-elf/bin/../lib/gcc -L/Users/computer-wizz/.espressif/tools/xtensa-esp32-elf/esp-2021r2-8.4.0/xtensa-esp32-elf/bin/../lib/gcc/xtensa-esp32-elf/8.4.0/../../../../xtensa-esp32-elf/lib CMakeFiles/cmTC_598c8.dir/CMakeCCompilerABI.c.obj -lgcc -lc -lnosys -lc -lgcc /Users/computer-wizz/.espressif/tools/xtensa-esp32-elf/esp-2021r2-8.4.0/xtensa-esp32-elf/bin/../lib/gcc/xtensa-esp32-elf/8.4.0/crtend.o /Users/computer-wizz/.espressif/tools/xtensa-esp32-elf/esp-2021r2-8.4.0/xtensa-esp32-elf/bin/../lib/gcc/xtensa-esp32-elf/8.4.0/crtn.o
COLLECT_GCC_OPTIONS='-mlongcalls' '-Wno-frame-address' '-v' '-o' 'cmTC_598c8'



Parsed C implicit include dir info from above output: rv=done
  found start of include info
  found start of implicit include info
    add: [/Users/computer-wizz/.espressif/tools/xtensa-esp32-elf/esp-2021r2-8.4.0/xtensa-esp32-elf/bin/../lib/gcc/xtensa-esp32-elf/8.4.0/include]
    add: [/Users/computer-wizz/.espressif/tools/xtensa-esp32-elf/esp-2021r2-8.4.0/xtensa-esp32-elf/bin/../lib/gcc/xtensa-esp32-elf/8.4.0/include-fixed]
    add: [/Users/computer-wizz/.espressif/tools/xtensa-esp32-elf/esp-2021r2-8.4.0/xtensa-esp32-elf/bin/../lib/gcc/xtensa-esp32-elf/8.4.0/../../../../xtensa-esp32-elf/sys-include]
    add: [/Users/computer-wizz/.espressif/tools/xtensa-esp32-elf/esp-2021r2-8.4.0/xtensa-esp32-elf/bin/../lib/gcc/xtensa-esp32-elf/8.4.0/../../../../xtensa-esp32-elf/include]
  end of search list found
  collapse include dir [/Users/computer-wizz/.espressif/tools/xtensa-esp32-elf/esp-2021r2-8.4.0/xtensa-esp32-elf/bin/../lib/gcc/xtensa-esp32-elf/8.4.0/include] ==> [/Users/computer-wizz/.espressif/tools/xtensa-esp32-elf/esp-2021r2-8.4.0/xtensa-esp32-elf/lib/gcc/xtensa-esp32-elf/8.4.0/include]
  collapse include dir [/Users/computer-wizz/.espressif/tools/xtensa-esp32-elf/esp-2021r2-8.4.0/xtensa-esp32-elf/bin/../lib/gcc/xtensa-esp32-elf/8.4.0/include-fixed] ==> [/Users/computer-wizz/.espressif/tools/xtensa-esp32-elf/esp-2021r2-8.4.0/xtensa-esp32-elf/lib/gcc/xtensa-esp32-elf/8.4.0/include-fixed]
  collapse include dir [/Users/computer-wizz/.espressif/tools/xtensa-esp32-elf/esp-2021r2-8.4.0/xtensa-esp32-elf/bin/../lib/gcc/xtensa-esp32-elf/8.4.0/../../../../xtensa-esp32-elf/sys-include] ==> [/Users/computer-wizz/.espressif/tools/xtensa-esp32-elf/esp-2021r2-8.4.0/xtensa-esp32-elf/xtensa-esp32-elf/sys-include]
  collapse include dir [/Users/computer-wizz/.espressif/tools/xtensa-esp32-elf/esp-2021r2-8.4.0/xtensa-esp32-elf/bin/../lib/gcc/xtensa-esp32-elf/8.4.0/../../../../xtensa-esp32-elf/include] ==> [/Users/computer-wizz/.espressif/tools/xtensa-esp32-elf/esp-2021r2-8.4.0/xtensa-esp32-elf/xtensa-esp32-elf/include]
  implicit include dirs: [/Users/computer-wizz/.espressif/tools/xtensa-esp32-elf/esp-2021r2-8.4.0/xtensa-esp32-elf/lib/gcc/xtensa-esp32-elf/8.4.0/include;/Users/computer-wizz/.espressif/tools/xtensa-esp32-elf/esp-2021r2-8.4.0/xtensa-esp32-elf/lib/gcc/xtensa-esp32-elf/8.4.0/include-fixed;/Users/computer-wizz/.espressif/tools/xtensa-esp32-elf/esp-2021r2-8.4.0/xtensa-esp32-elf/xtensa-esp32-elf/sys-include;/Users/computer-wizz/.espressif/tools/xtensa-esp32-elf/esp-2021r2-8.4.0/xtensa-esp32-elf/xtensa-esp32-elf/include]


Parsed C implicit link information from above output:
  link line regex: [^( *|.*[/\])(xtensa-esp32-elf-ld|CMAKE_LINK_STARTFILE-NOTFOUND|([^/\]+-)?ld|collect2)[^/\]*( |$)]
  ignore line: [Change Dir: /Users/computer-wizz/esp/Quest2/SuperCode/build/CMakeFiles/CMakeTmp]
  ignore line: []
  ignore line: [Run Build Command(s):/Users/computer-wizz/.espressif/tools/ninja/1.10.2/ninja cmTC_598c8 && [1/2] Building C object CMakeFiles/cmTC_598c8.dir/CMakeCCompilerABI.c.obj]
  ignore line: [Using built-in specs.]
  ignore line: [COLLECT_GCC=/Users/computer-wizz/.espressif/tools/xtensa-esp32-elf/esp-2021r2-8.4.0/xtensa-esp32-elf/bin/xtensa-esp32-elf-gcc]
  ignore line: [Target: xtensa-esp32-elf]
  ignore line: [Configured with: /builds/idf/crosstool-NG/.build/HOST-x86_64-apple-darwin12/xtensa-esp32-elf/src/gcc/configure --build=x86_64-build_pc-linux-gnu --host=x86_64-host_apple-darwin12 --target=xtensa-esp32-elf --prefix=/builds/idf/crosstool-NG/builds/xtensa-esp32-elf --with-local-prefix=/builds/idf/crosstool-NG/builds/xtensa-esp32-elf/xtensa-esp32-elf --with-headers=/builds/idf/crosstool-NG/builds/xtensa-esp32-elf/xtensa-esp32-elf/include --with-newlib --enable-threads=no --disable-shared --with-pkgversion='crosstool-NG esp-2021r2' --disable-__cxa_atexit --enable-cxx-flags=-ffunction-sections --disable-libgomp --disable-libmudflap --disable-libmpx --disable-libssp --disable-libquadmath --disable-libquadmath-support --with-gmp=/builds/idf/crosstool-NG/.build/HOST-x86_64-apple-darwin12/xtensa-esp32-elf/buildtools/complibs-host --with-mpfr=/builds/idf/crosstool-NG/.build/HOST-x86_64-apple-darwin12/xtensa-esp32-elf/buildtools/complibs-host --with-mpc=/builds/idf/crosstool-NG/.build/HOST-x86_64-apple-darwin12/xtensa-esp32-elf/buildtools/complibs-host --with-isl=/builds/idf/crosstool-NG/.build/HOST-x86_64-apple-darwin12/xtensa-esp32-elf/buildtools/complibs-host --enable-lto --enable-target-optspace --without-long-double-128 --disable-nls --enable-multiarch --enable-languages=c c++ --disable-libstdcxx-verbose --enable-threads=posix --enable-gcov-custom-rtio --enable-libstdcxx-time=yes]
  ignore line: [Thread model: posix]
  ignore line: [gcc version 8.4.0 (crosstool-NG esp-2021r2) ]
  ignore line: [COLLECT_GCC_OPTIONS='-mlongcalls' '-Wno-frame-address' '-v' '-o' 'CMakeFiles/cmTC_598c8.dir/CMakeCCompilerABI.c.obj' '-c']
  ignore line: [ /Users/computer-wizz/.espressif/tools/xtensa-esp32-elf/esp-2021r2-8.4.0/xtensa-esp32-elf/bin/../libexec/gcc/xtensa-esp32-elf/8.4.0/cc1 -quiet -v -iprefix /Users/computer-wizz/.espressif/tools/xtensa-esp32-elf/esp-2021r2-8.4.0/xtensa-esp32-elf/bin/../lib/gcc/xtensa-esp32-elf/8.4.0/ /Users/computer-wizz/.espressif/tools/cmake/3.20.3/CMake.app/Contents/share/cmake-3.20/Modules/CMakeCCompilerABI.c -quiet -dumpbase CMakeCCompilerABI.c -mlongcalls -auxbase-strip CMakeFiles/cmTC_598c8.dir/CMakeCCompilerABI.c.obj -Wno-frame-address -version -o /var/folders/vs/md0r3zc90zs399fpktlxyfpr0000gn/T//ccMjE3rh.s]
  ignore line: [GNU C17 (crosstool-NG esp-2021r2) version 8.4.0 (xtensa-esp32-elf)]
  ignore line: [	compiled by GNU C version 8.3.0  GMP version 6.2.0  MPFR version 4.0.2  MPC version 1.1.0  isl version isl-0.19-GMP]
  ignore line: []
  ignore line: [GGC heuristics: --param ggc-min-expand=100 --param ggc-min-heapsize=131072]
  ignore line: [ignoring duplicate directory "/Users/computer-wizz/.espressif/tools/xtensa-esp32-elf/esp-2021r2-8.4.0/xtensa-esp32-elf/bin/../lib/gcc/../../lib/gcc/xtensa-esp32-elf/8.4.0/include"]
  ignore line: [ignoring duplicate directory "/Users/computer-wizz/.espressif/tools/xtensa-esp32-elf/esp-2021r2-8.4.0/xtensa-esp32-elf/bin/../lib/gcc/../../lib/gcc/xtensa-esp32-elf/8.4.0/include-fixed"]
  ignore line: [ignoring duplicate directory "/Users/computer-wizz/.espressif/tools/xtensa-esp32-elf/esp-2021r2-8.4.0/xtensa-esp32-elf/bin/../lib/gcc/../../lib/gcc/xtensa-esp32-elf/8.4.0/../../../../xtensa-esp32-elf/sys-include"]
  ignore line: [ignoring duplicate directory "/Users/computer-wizz/.espressif/tools/xtensa-esp32-elf/esp-2021r2-8.4.0/xtensa-esp32-elf/bin/../lib/gcc/../../lib/gcc/xtensa-esp32-elf/8.4.0/../../../../xtensa-esp32-elf/include"]
  ignore line: [#include "..." search starts here:]
  ignore line: [#include <...> search starts here:]
  ignore line: [ /Users/computer-wizz/.espressif/tools/xtensa-esp32-elf/esp-2021r2-8.4.0/xtensa-esp32-elf/bin/../lib/gcc/xtensa-esp32-elf/8.4.0/include]
  ignore line: [ /Users/computer-wizz/.espressif/tools/xtensa-esp32-elf/esp-2021r2-8.4.0/xtensa-esp32-elf/bin/../lib/gcc/xtensa-esp32-elf/8.4.0/include-fixed]
  ignore line: [ /Users/computer-wizz/.espressif/tools/xtensa-esp32-elf/esp-2021r2-8.4.0/xtensa-esp32-elf/bin/../lib/gcc/xtensa-esp32-elf/8.4.0/../../../../xtensa-esp32-elf/sys-include]
  ignore line: [ /Users/computer-wizz/.espressif/tools/xtensa-esp32-elf/esp-2021r2-8.4.0/xtensa-esp32-elf/bin/../lib/gcc/xtensa-esp32-elf/8.4.0/../../../../xtensa-esp32-elf/include]
  ignore line: [End of search list.]
  ignore line: [GNU C17 (crosstool-NG esp-2021r2) version 8.4.0 (xtensa-esp32-elf)]
  ignore line: [	compiled by GNU C version 8.3.0  GMP version 6.2.0  MPFR version 4.0.2  MPC version 1.1.0  isl version isl-0.19-GMP]
  ignore line: []
  ignore line: [GGC heuristics: --param ggc-min-expand=100 --param ggc-min-heapsize=131072]
  ignore line: [Compiler executable checksum: daa8be1993c35177e7a24bac8b1b4e20]
  ignore line: [COLLECT_GCC_OPTIONS='-mlongcalls' '-Wno-frame-address' '-v' '-o' 'CMakeFiles/cmTC_598c8.dir/CMakeCCompilerABI.c.obj' '-c']
  ignore line: [ /Users/computer-wizz/.espressif/tools/xtensa-esp32-elf/esp-2021r2-8.4.0/xtensa-esp32-elf/bin/../lib/gcc/xtensa-esp32-elf/8.4.0/../../../../xtensa-esp32-elf/bin/as --traditional-format --longcalls -o CMakeFiles/cmTC_598c8.dir/CMakeCCompilerABI.c.obj /var/folders/vs/md0r3zc90zs399fpktlxyfpr0000gn/T//ccMjE3rh.s]
  ignore line: [COMPILER_PATH=/Users/computer-wizz/.espressif/tools/xtensa-esp32-elf/esp-2021r2-8.4.0/xtensa-esp32-elf/bin/../libexec/gcc/xtensa-esp32-elf/8.4.0/:/Users/computer-wizz/.espressif/tools/xtensa-esp32-elf/esp-2021r2-8.4.0/xtensa-esp32-elf/bin/../libexec/gcc/:/Users/computer-wizz/.espressif/tools/xtensa-esp32-elf/esp-2021r2-8.4.0/xtensa-esp32-elf/bin/../lib/gcc/xtensa-esp32-elf/8.4.0/../../../../xtensa-esp32-elf/bin/]
  ignore line: [LIBRARY_PATH=/Users/computer-wizz/.espressif/tools/xtensa-esp32-elf/esp-2021r2-8.4.0/xtensa-esp32-elf/bin/../lib/gcc/xtensa-esp32-elf/8.4.0/:/Users/computer-wizz/.espressif/tools/xtensa-esp32-elf/esp-2021r2-8.4.0/xtensa-esp32-elf/bin/../lib/gcc/:/Users/computer-wizz/.espressif/tools/xtensa-esp32-elf/esp-2021r2-8.4.0/xtensa-esp32-elf/bin/../lib/gcc/xtensa-esp32-elf/8.4.0/../../../../xtensa-esp32-elf/lib/]
  ignore line: [COLLECT_GCC_OPTIONS='-mlongcalls' '-Wno-frame-address' '-v' '-o' 'CMakeFiles/cmTC_598c8.dir/CMakeCCompilerABI.c.obj' '-c']
  ignore line: [[2/2] Linking C executable cmTC_598c8]
  ignore line: [Using built-in specs.]
  ignore line: [COLLECT_GCC=/Users/computer-wizz/.espressif/tools/xtensa-esp32-elf/esp-2021r2-8.4.0/xtensa-esp32-elf/bin/xtensa-esp32-elf-gcc]
  ignore line: [COLLECT_LTO_WRAPPER=/Users/computer-wizz/.espressif/tools/xtensa-esp32-elf/esp-2021r2-8.4.0/xtensa-esp32-elf/bin/../libexec/gcc/xtensa-esp32-elf/8.4.0/lto-wrapper]
  ignore line: [Target: xtensa-esp32-elf]
  ignore line: [Configured with: /builds/idf/crosstool-NG/.build/HOST-x86_64-apple-darwin12/xtensa-esp32-elf/src/gcc/configure --build=x86_64-build_pc-linux-gnu --host=x86_64-host_apple-darwin12 --target=xtensa-esp32-elf --prefix=/builds/idf/crosstool-NG/builds/xtensa-esp32-elf --with-local-prefix=/builds/idf/crosstool-NG/builds/xtensa-esp32-elf/xtensa-esp32-elf --with-headers=/builds/idf/crosstool-NG/builds/xtensa-esp32-elf/xtensa-esp32-elf/include --with-newlib --enable-threads=no --disable-shared --with-pkgversion='crosstool-NG esp-2021r2' --disable-__cxa_atexit --enable-cxx-flags=-ffunction-sections --disable-libgomp --disable-libmudflap --disable-libmpx --disable-libssp --disable-libquadmath --disable-libquadmath-support --with-gmp=/builds/idf/crosstool-NG/.build/HOST-x86_64-apple-darwin12/xtensa-esp32-elf/buildtools/complibs-host --with-mpfr=/builds/idf/crosstool-NG/.build/HOST-x86_64-apple-darwin12/xtensa-esp32-elf/buildtools/complibs-host --with-mpc=/builds/idf/crosstool-NG/.build/HOST-x86_64-apple-darwin12/xtensa-esp32-elf/buildtools/complibs-host --with-isl=/builds/idf/crosstool-NG/.build/HOST-x86_64-apple-darwin12/xtensa-esp32-elf/buildtools/complibs-host --enable-lto --enable-target-optspace --without-long-double-128 --disable-nls --enable-multiarch --enable-languages=c c++ --disable-libstdcxx-verbose --enable-threads=posix --enable-gcov-custom-rtio --enable-libstdcxx-time=yes]
  ignore line: [Thread model: posix]
  ignore line: [gcc version 8.4.0 (crosstool-NG esp-2021r2) ]
  ignore line: [COMPILER_PATH=/Users/computer-wizz/.espressif/tools/xtensa-esp32-elf/esp-2021r2-8.4.0/xtensa-esp32-elf/bin/../libexec/gcc/xtensa-esp32-elf/8.4.0/:/Users/computer-wizz/.espressif/tools/xtensa-esp32-elf/esp-2021r2-8.4.0/xtensa-esp32-elf/bin/../libexec/gcc/:/Users/computer-wizz/.espressif/tools/xtensa-esp32-elf/esp-2021r2-8.4.0/xtensa-esp32-elf/bin/../lib/gcc/xtensa-esp32-elf/8.4.0/../../../../xtensa-esp32-elf/bin/]
  ignore line: [LIBRARY_PATH=/Users/computer-wizz/.espressif/tools/xtensa-esp32-elf/esp-2021r2-8.4.0/xtensa-esp32-elf/bin/../lib/gcc/xtensa-esp32-elf/8.4.0/:/Users/computer-wizz/.espressif/tools/xtensa-esp32-elf/esp-2021r2-8.4.0/xtensa-esp32-elf/bin/../lib/gcc/:/Users/computer-wizz/.espressif/tools/xtensa-esp32-elf/esp-2021r2-8.4.0/xtensa-esp32-elf/bin/../lib/gcc/xtensa-esp32-elf/8.4.0/../../../../xtensa-esp32-elf/lib/]
  ignore line: [COLLECT_GCC_OPTIONS='-mlongcalls' '-Wno-frame-address' '-v' '-o' 'cmTC_598c8']
  link line: [ /Users/computer-wizz/.espressif/tools/xtensa-esp32-elf/esp-2021r2-8.4.0/xtensa-esp32-elf/bin/../libexec/gcc/xtensa-esp32-elf/8.4.0/collect2 -plugin /Users/computer-wizz/.espressif/tools/xtensa-esp32-elf/esp-2021r2-8.4.0/xtensa-esp32-elf/bin/../libexec/gcc/xtensa-esp32-elf/8.4.0/liblto_plugin.so -plugin-opt=/Users/computer-wizz/.espressif/tools/xtensa-esp32-elf/esp-2021r2-8.4.0/xtensa-esp32-elf/bin/../libexec/gcc/xtensa-esp32-elf/8.4.0/lto-wrapper -plugin-opt=-fresolution=/var/folders/vs/md0r3zc90zs399fpktlxyfpr0000gn/T//ccuvQ8EI.res -plugin-opt=-pass-through=-lgcc -plugin-opt=-pass-through=-lc -plugin-opt=-pass-through=-lnosys -plugin-opt=-pass-through=-lc -plugin-opt=-pass-through=-lgcc -o cmTC_598c8 /Users/computer-wizz/.espressif/tools/xtensa-esp32-elf/esp-2021r2-8.4.0/xtensa-esp32-elf/bin/../lib/gcc/xtensa-esp32-elf/8.4.0/../../../../xtensa-esp32-elf/lib/crt0.o /Users/computer-wizz/.espressif/tools/xtensa-esp32-elf/esp-2021r2-8.4.0/xtensa-esp32-elf/bin/../lib/gcc/xtensa-esp32-elf/8.4.0/crti.o /Users/computer-wizz/.espressif/tools/xtensa-esp32-elf/esp-2021r2-8.4.0/xtensa-esp32-elf/bin/../lib/gcc/xtensa-esp32-elf/8.4.0/crtbegin.o -L/Users/computer-wizz/.espressif/tools/xtensa-esp32-elf/esp-2021r2-8.4.0/xtensa-esp32-elf/bin/../lib/gcc/xtensa-esp32-elf/8.4.0 -L/Users/computer-wizz/.espressif/tools/xtensa-esp32-elf/esp-2021r2-8.4.0/xtensa-esp32-elf/bin/../lib/gcc -L/Users/computer-wizz/.espressif/tools/xtensa-esp32-elf/esp-2021r2-8.4.0/xtensa-esp32-elf/bin/../lib/gcc/xtensa-esp32-elf/8.4.0/../../../../xtensa-esp32-elf/lib CMakeFiles/cmTC_598c8.dir/CMakeCCompilerABI.c.obj -lgcc -lc -lnosys -lc -lgcc /Users/computer-wizz/.espressif/tools/xtensa-esp32-elf/esp-2021r2-8.4.0/xtensa-esp32-elf/bin/../lib/gcc/xtensa-esp32-elf/8.4.0/crtend.o /Users/computer-wizz/.espressif/tools/xtensa-esp32-elf/esp-2021r2-8.4.0/xtensa-esp32-elf/bin/../lib/gcc/xtensa-esp32-elf/8.4.0/crtn.o]
    arg [/Users/computer-wizz/.espressif/tools/xtensa-esp32-elf/esp-2021r2-8.4.0/xtensa-esp32-elf/bin/../libexec/gcc/xtensa-esp32-elf/8.4.0/collect2] ==> ignore
    arg [-plugin] ==> ignore
    arg [/Users/computer-wizz/.espressif/tools/xtensa-esp32-elf/esp-2021r2-8.4.0/xtensa-esp32-elf/bin/../libexec/gcc/xtensa-esp32-elf/8.4.0/liblto_plugin.so] ==> ignore
    arg [-plugin-opt=/Users/computer-wizz/.espressif/tools/xtensa-esp32-elf/esp-2021r2-8.4.0/xtensa-esp32-elf/bin/../libexec/gcc/xtensa-esp32-elf/8.4.0/lto-wrapper] ==> ignore
    arg [-plugin-opt=-fresolution=/var/folders/vs/md0r3zc90zs399fpktlxyfpr0000gn/T//ccuvQ8EI.res] ==> ignore
    arg [-plugin-opt=-pass-through=-lgcc] ==> ignore
    arg [-plugin-opt=-pass-through=-lc] ==> ignore
    arg [-plugin-opt=-pass-through=-lnosys] ==> ignore
    arg [-plugin-opt=-pass-through=-lc] ==> ignore
    arg [-plugin-opt=-pass-through=-lgcc] ==> ignore
    arg [-o] ==> ignore
    arg [cmTC_598c8] ==> ignore
    arg [/Users/computer-wizz/.espressif/tools/xtensa-esp32-elf/esp-2021r2-8.4.0/xtensa-esp32-elf/bin/../lib/gcc/xtensa-esp32-elf/8.4.0/../../../../xtensa-esp32-elf/lib/crt0.o] ==> obj [/Users/computer-wizz/.espressif/tools/xtensa-esp32-elf/esp-2021r2-8.4.0/xtensa-esp32-elf/bin/../lib/gcc/xtensa-esp32-elf/8.4.0/../../../../xtensa-esp32-elf/lib/crt0.o]
    arg [/Users/computer-wizz/.espressif/tools/xtensa-esp32-elf/esp-2021r2-8.4.0/xtensa-esp32-elf/bin/../lib/gcc/xtensa-esp32-elf/8.4.0/crti.o] ==> obj [/Users/computer-wizz/.espressif/tools/xtensa-esp32-elf/esp-2021r2-8.4.0/xtensa-esp32-elf/bin/../lib/gcc/xtensa-esp32-elf/8.4.0/crti.o]
    arg [/Users/computer-wizz/.espressif/tools/xtensa-esp32-elf/esp-2021r2-8.4.0/xtensa-esp32-elf/bin/../lib/gcc/xtensa-esp32-elf/8.4.0/crtbegin.o] ==> obj [/Users/computer-wizz/.espressif/tools/xtensa-esp32-elf/esp-2021r2-8.4.0/xtensa-esp32-elf/bin/../lib/gcc/xtensa-esp32-elf/8.4.0/crtbegin.o]
    arg [-L/Users/computer-wizz/.espressif/tools/xtensa-esp32-elf/esp-2021r2-8.4.0/xtensa-esp32-elf/bin/../lib/gcc/xtensa-esp32-elf/8.4.0] ==> dir [/Users/computer-wizz/.espressif/tools/xtensa-esp32-elf/esp-2021r2-8.4.0/xtensa-esp32-elf/bin/../lib/gcc/xtensa-esp32-elf/8.4.0]
    arg [-L/Users/computer-wizz/.espressif/tools/xtensa-esp32-elf/esp-2021r2-8.4.0/xtensa-esp32-elf/bin/../lib/gcc] ==> dir [/Users/computer-wizz/.espressif/tools/xtensa-esp32-elf/esp-2021r2-8.4.0/xtensa-esp32-elf/bin/../lib/gcc]
    arg [-L/Users/computer-wizz/.espressif/tools/xtensa-esp32-elf/esp-2021r2-8.4.0/xtensa-esp32-elf/bin/../lib/gcc/xtensa-esp32-elf/8.4.0/../../../../xtensa-esp32-elf/lib] ==> dir [/Users/computer-wizz/.espressif/tools/xtensa-esp32-elf/esp-2021r2-8.4.0/xtensa-esp32-elf/bin/../lib/gcc/xtensa-esp32-elf/8.4.0/../../../../xtensa-esp32-elf/lib]
    arg [CMakeFiles/cmTC_598c8.dir/CMakeCCompilerABI.c.obj] ==> ignore
    arg [-lgcc] ==> lib [gcc]
    arg [-lc] ==> lib [c]
    arg [-lnosys] ==> lib [nosys]
    arg [-lc] ==> lib [c]
    arg [-lgcc] ==> lib [gcc]
    arg [/Users/computer-wizz/.espressif/tools/xtensa-esp32-elf/esp-2021r2-8.4.0/xtensa-esp32-elf/bin/../lib/gcc/xtensa-esp32-elf/8.4.0/crtend.o] ==> obj [/Users/computer-wizz/.espressif/tools/xtensa-esp32-elf/esp-2021r2-8.4.0/xtensa-esp32-elf/bin/../lib/gcc/xtensa-esp32-elf/8.4.0/crtend.o]
    arg [/Users/computer-wizz/.espressif/tools/xtensa-esp32-elf/esp-2021r2-8.4.0/xtensa-esp32-elf/bin/../lib/gcc/xtensa-esp32-elf/8.4.0/crtn.o] ==> obj [/Users/computer-wizz/.espressif/tools/xtensa-esp32-elf/esp-2021r2-8.4.0/xtensa-esp32-elf/bin/../lib/gcc/xtensa-esp32-elf/8.4.0/crtn.o]
  collapse obj [/Users/computer-wizz/.espressif/tools/xtensa-esp32-elf/esp-2021r2-8.4.0/xtensa-esp32-elf/bin/../lib/gcc/xtensa-esp32-elf/8.4.0/../../../../xtensa-esp32-elf/lib/crt0.o] ==> [/Users/computer-wizz/.espressif/tools/xtensa-esp32-elf/esp-2021r2-8.4.0/xtensa-esp32-elf/xtensa-esp32-elf/lib/crt0.o]
  collapse obj [/Users/computer-wizz/.espressif/tools/xtensa-esp32-elf/esp-2021r2-8.4.0/xtensa-esp32-elf/bin/../lib/gcc/xtensa-esp32-elf/8.4.0/crti.o] ==> [/Users/computer-wizz/.espressif/tools/xtensa-esp32-elf/esp-2021r2-8.4.0/xtensa-esp32-elf/lib/gcc/xtensa-esp32-elf/8.4.0/crti.o]
  collapse obj [/Users/computer-wizz/.espressif/tools/xtensa-esp32-elf/esp-2021r2-8.4.0/xtensa-esp32-elf/bin/../lib/gcc/xtensa-esp32-elf/8.4.0/crtbegin.o] ==> [/Users/computer-wizz/.espressif/tools/xtensa-esp32-elf/esp-2021r2-8.4.0/xtensa-esp32-elf/lib/gcc/xtensa-esp32-elf/8.4.0/crtbegin.o]
  collapse obj [/Users/computer-wizz/.espressif/tools/xtensa-esp32-elf/esp-2021r2-8.4.0/xtensa-esp32-elf/bin/../lib/gcc/xtensa-esp32-elf/8.4.0/crtend.o] ==> [/Users/computer-wizz/.espressif/tools/xtensa-esp32-elf/esp-2021r2-8.4.0/xtensa-esp32-elf/lib/gcc/xtensa-esp32-elf/8.4.0/crtend.o]
  collapse obj [/Users/computer-wizz/.espressif/tools/xtensa-esp32-elf/esp-2021r2-8.4.0/xtensa-esp32-elf/bin/../lib/gcc/xtensa-esp32-elf/8.4.0/crtn.o] ==> [/Users/computer-wizz/.espressif/tools/xtensa-esp32-elf/esp-2021r2-8.4.0/xtensa-esp32-elf/lib/gcc/xtensa-esp32-elf/8.4.0/crtn.o]
  collapse library dir [/Users/computer-wizz/.espressif/tools/xtensa-esp32-elf/esp-2021r2-8.4.0/xtensa-esp32-elf/bin/../lib/gcc/xtensa-esp32-elf/8.4.0] ==> [/Users/computer-wizz/.espressif/tools/xtensa-esp32-elf/esp-2021r2-8.4.0/xtensa-esp32-elf/lib/gcc/xtensa-esp32-elf/8.4.0]
  collapse library dir [/Users/computer-wizz/.espressif/tools/xtensa-esp32-elf/esp-2021r2-8.4.0/xtensa-esp32-elf/bin/../lib/gcc] ==> [/Users/computer-wizz/.espressif/tools/xtensa-esp32-elf/esp-2021r2-8.4.0/xtensa-esp32-elf/lib/gcc]
  collapse library dir [/Users/computer-wizz/.espressif/tools/xtensa-esp32-elf/esp-2021r2-8.4.0/xtensa-esp32-elf/bin/../lib/gcc/xtensa-esp32-elf/8.4.0/../../../../xtensa-esp32-elf/lib] ==> [/Users/computer-wizz/.espressif/tools/xtensa-esp32-elf/esp-2021r2-8.4.0/xtensa-esp32-elf/xtensa-esp32-elf/lib]
  implicit libs: [gcc;c;nosys;c;gcc]
  implicit objs: [/Users/computer-wizz/.espressif/tools/xtensa-esp32-elf/esp-2021r2-8.4.0/xtensa-esp32-elf/xtensa-esp32-elf/lib/crt0.o;/Users/computer-wizz/.espressif/tools/xtensa-esp32-elf/esp-2021r2-8.4.0/xtensa-esp32-elf/lib/gcc/xtensa-esp32-elf/8.4.0/crti.o;/Users/computer-wizz/.espressif/tools/xtensa-esp32-elf/esp-2021r2-8.4.0/xtensa-esp32-elf/lib/gcc/xtensa-esp32-elf/8.4.0/crtbegin.o;/Users/computer-wizz/.espressif/tools/xtensa-esp32-elf/esp-2021r2-8.4.0/xtensa-esp32-elf/lib/gcc/xtensa-esp32-elf/8.4.0/crtend.o;/Users/computer-wizz/.espressif/tools/xtensa-esp32-elf/esp-2021r2-8.4.0/xtensa-esp32-elf/lib/gcc/xtensa-esp32-elf/8.4.0/crtn.o]
  implicit dirs: [/Users/computer-wizz/.espressif/tools/xtensa-esp32-elf/esp-2021r2-8.4.0/xtensa-esp32-elf/lib/gcc/xtensa-esp32-elf/8.4.0;/Users/computer-wizz/.espressif/tools/xtensa-esp32-elf/esp-2021r2-8.4.0/xtensa-esp32-elf/lib/gcc;/Users/computer-wizz/.espressif/tools/xtensa-esp32-elf/esp-2021r2-8.4.0/xtensa-esp32-elf/xtensa-esp32-elf/lib]
  implicit fwks: []


Detecting CXX compiler ABI info compiled with the following output:
Change Dir: /Users/computer-wizz/esp/Quest2/SuperCode/build/CMakeFiles/CMakeTmp

Run Build Command(s):/Users/computer-wizz/.espressif/tools/ninja/1.10.2/ninja cmTC_252c0 && [1/2] Building CXX object CMakeFiles/cmTC_252c0.dir/CMakeCXXCompilerABI.cpp.obj
Using built-in specs.
COLLECT_GCC=/Users/computer-wizz/.espressif/tools/xtensa-esp32-elf/esp-2021r2-8.4.0/xtensa-esp32-elf/bin/xtensa-esp32-elf-g++
Target: xtensa-esp32-elf
Configured with: /builds/idf/crosstool-NG/.build/HOST-x86_64-apple-darwin12/xtensa-esp32-elf/src/gcc/configure --build=x86_64-build_pc-linux-gnu --host=x86_64-host_apple-darwin12 --target=xtensa-esp32-elf --prefix=/builds/idf/crosstool-NG/builds/xtensa-esp32-elf --with-local-prefix=/builds/idf/crosstool-NG/builds/xtensa-esp32-elf/xtensa-esp32-elf --with-headers=/builds/idf/crosstool-NG/builds/xtensa-esp32-elf/xtensa-esp32-elf/include --with-newlib --enable-threads=no --disable-shared --with-pkgversion='crosstool-NG esp-2021r2' --disable-__cxa_atexit --enable-cxx-flags=-ffunction-sections --disable-libgomp --disable-libmudflap --disable-libmpx --disable-libssp --disable-libquadmath --disable-libquadmath-support --with-gmp=/builds/idf/crosstool-NG/.build/HOST-x86_64-apple-darwin12/xtensa-esp32-elf/buildtools/complibs-host --with-mpfr=/builds/idf/crosstool-NG/.build/HOST-x86_64-apple-darwin12/xtensa-esp32-elf/buildtools/complibs-host --with-mpc=/builds/idf/crosstool-NG/.build/HOST-x86_64-apple-darwin12/xtensa-esp32-elf/buildtools/complibs-host --with-isl=/builds/idf/crosstool-NG/.build/HOST-x86_64-apple-darwin12/xtensa-esp32-elf/buildtools/complibs-host --enable-lto --enable-target-optspace --without-long-double-128 --disable-nls --enable-multiarch --enable-languages=c,c++ --disable-libstdcxx-verbose --enable-threads=posix --enable-gcov-custom-rtio --enable-libstdcxx-time=yes
Thread model: posix
gcc version 8.4.0 (crosstool-NG esp-2021r2) 
COLLECT_GCC_OPTIONS='-mlongcalls' '-Wno-frame-address' '-v' '-o' 'CMakeFiles/cmTC_252c0.dir/CMakeCXXCompilerABI.cpp.obj' '-c'
 /Users/computer-wizz/.espressif/tools/xtensa-esp32-elf/esp-2021r2-8.4.0/xtensa-esp32-elf/bin/../libexec/gcc/xtensa-esp32-elf/8.4.0/cc1plus -quiet -v -iprefix /Users/computer-wizz/.espressif/tools/xtensa-esp32-elf/esp-2021r2-8.4.0/xtensa-esp32-elf/bin/../lib/gcc/xtensa-esp32-elf/8.4.0/ /Users/computer-wizz/.espressif/tools/cmake/3.20.3/CMake.app/Contents/share/cmake-3.20/Modules/CMakeCXXCompilerABI.cpp -quiet -dumpbase CMakeCXXCompilerABI.cpp -mlongcalls -auxbase-strip CMakeFiles/cmTC_252c0.dir/CMakeCXXCompilerABI.cpp.obj -Wno-frame-address -version -o /var/folders/vs/md0r3zc90zs399fpktlxyfpr0000gn/T//ccyuOgiN.s
GNU C++14 (crosstool-NG esp-2021r2) version 8.4.0 (xtensa-esp32-elf)
	compiled by GNU C version 8.3.0, GMP version 6.2.0, MPFR version 4.0.2, MPC version 1.1.0, isl version isl-0.19-GMP

GGC heuristics: --param ggc-min-expand=100 --param ggc-min-heapsize=131072
ignoring duplicate directory "/Users/computer-wizz/.espressif/tools/xtensa-esp32-elf/esp-2021r2-8.4.0/xtensa-esp32-elf/bin/../lib/gcc/../../lib/gcc/xtensa-esp32-elf/8.4.0/../../../../xtensa-esp32-elf/include/c++/8.4.0"
ignoring duplicate directory "/Users/computer-wizz/.espressif/tools/xtensa-esp32-elf/esp-2021r2-8.4.0/xtensa-esp32-elf/bin/../lib/gcc/../../lib/gcc/xtensa-esp32-elf/8.4.0/../../../../xtensa-esp32-elf/include/c++/8.4.0/xtensa-esp32-elf"
ignoring duplicate directory "/Users/computer-wizz/.espressif/tools/xtensa-esp32-elf/esp-2021r2-8.4.0/xtensa-esp32-elf/bin/../lib/gcc/../../lib/gcc/xtensa-esp32-elf/8.4.0/../../../../xtensa-esp32-elf/include/c++/8.4.0/backward"
ignoring duplicate directory "/Users/computer-wizz/.espressif/tools/xtensa-esp32-elf/esp-2021r2-8.4.0/xtensa-esp32-elf/bin/../lib/gcc/../../lib/gcc/xtensa-esp32-elf/8.4.0/include"
ignoring duplicate directory "/Users/computer-wizz/.espressif/tools/xtensa-esp32-elf/esp-2021r2-8.4.0/xtensa-esp32-elf/bin/../lib/gcc/../../lib/gcc/xtensa-esp32-elf/8.4.0/include-fixed"
ignoring duplicate directory "/Users/computer-wizz/.espressif/tools/xtensa-esp32-elf/esp-2021r2-8.4.0/xtensa-esp32-elf/bin/../lib/gcc/../../lib/gcc/xtensa-esp32-elf/8.4.0/../../../../xtensa-esp32-elf/sys-include"
ignoring duplicate directory "/Users/computer-wizz/.espressif/tools/xtensa-esp32-elf/esp-2021r2-8.4.0/xtensa-esp32-elf/bin/../lib/gcc/../../lib/gcc/xtensa-esp32-elf/8.4.0/../../../../xtensa-esp32-elf/include"
#include "..." search starts here:
#include <...> search starts here:
 /Users/computer-wizz/.espressif/tools/xtensa-esp32-elf/esp-2021r2-8.4.0/xtensa-esp32-elf/bin/../lib/gcc/xtensa-esp32-elf/8.4.0/../../../../xtensa-esp32-elf/include/c++/8.4.0
 /Users/computer-wizz/.espressif/tools/xtensa-esp32-elf/esp-2021r2-8.4.0/xtensa-esp32-elf/bin/../lib/gcc/xtensa-esp32-elf/8.4.0/../../../../xtensa-esp32-elf/include/c++/8.4.0/xtensa-esp32-elf
 /Users/computer-wizz/.espressif/tools/xtensa-esp32-elf/esp-2021r2-8.4.0/xtensa-esp32-elf/bin/../lib/gcc/xtensa-esp32-elf/8.4.0/../../../../xtensa-esp32-elf/include/c++/8.4.0/backward
 /Users/computer-wizz/.espressif/tools/xtensa-esp32-elf/esp-2021r2-8.4.0/xtensa-esp32-elf/bin/../lib/gcc/xtensa-esp32-elf/8.4.0/include
 /Users/computer-wizz/.espressif/tools/xtensa-esp32-elf/esp-2021r2-8.4.0/xtensa-esp32-elf/bin/../lib/gcc/xtensa-esp32-elf/8.4.0/include-fixed
 /Users/computer-wizz/.espressif/tools/xtensa-esp32-elf/esp-2021r2-8.4.0/xtensa-esp32-elf/bin/../lib/gcc/xtensa-esp32-elf/8.4.0/../../../../xtensa-esp32-elf/sys-include
 /Users/computer-wizz/.espressif/tools/xtensa-esp32-elf/esp-2021r2-8.4.0/xtensa-esp32-elf/bin/../lib/gcc/xtensa-esp32-elf/8.4.0/../../../../xtensa-esp32-elf/include
End of search list.
GNU C++14 (crosstool-NG esp-2021r2) version 8.4.0 (xtensa-esp32-elf)
	compiled by GNU C version 8.3.0, GMP version 6.2.0, MPFR version 4.0.2, MPC version 1.1.0, isl version isl-0.19-GMP

GGC heuristics: --param ggc-min-expand=100 --param ggc-min-heapsize=131072
Compiler executable checksum: 1b93df797d00eb20d02b8bbe18815aaa
COLLECT_GCC_OPTIONS='-mlongcalls' '-Wno-frame-address' '-v' '-o' 'CMakeFiles/cmTC_252c0.dir/CMakeCXXCompilerABI.cpp.obj' '-c'
 /Users/computer-wizz/.espressif/tools/xtensa-esp32-elf/esp-2021r2-8.4.0/xtensa-esp32-elf/bin/../lib/gcc/xtensa-esp32-elf/8.4.0/../../../../xtensa-esp32-elf/bin/as --traditional-format --longcalls -o CMakeFiles/cmTC_252c0.dir/CMakeCXXCompilerABI.cpp.obj /var/folders/vs/md0r3zc90zs399fpktlxyfpr0000gn/T//ccyuOgiN.s
COMPILER_PATH=/Users/computer-wizz/.espressif/tools/xtensa-esp32-elf/esp-2021r2-8.4.0/xtensa-esp32-elf/bin/../libexec/gcc/xtensa-esp32-elf/8.4.0/:/Users/computer-wizz/.espressif/tools/xtensa-esp32-elf/esp-2021r2-8.4.0/xtensa-esp32-elf/bin/../libexec/gcc/:/Users/computer-wizz/.espressif/tools/xtensa-esp32-elf/esp-2021r2-8.4.0/xtensa-esp32-elf/bin/../lib/gcc/xtensa-esp32-elf/8.4.0/../../../../xtensa-esp32-elf/bin/
LIBRARY_PATH=/Users/computer-wizz/.espressif/tools/xtensa-esp32-elf/esp-2021r2-8.4.0/xtensa-esp32-elf/bin/../lib/gcc/xtensa-esp32-elf/8.4.0/:/Users/computer-wizz/.espressif/tools/xtensa-esp32-elf/esp-2021r2-8.4.0/xtensa-esp32-elf/bin/../lib/gcc/:/Users/computer-wizz/.espressif/tools/xtensa-esp32-elf/esp-2021r2-8.4.0/xtensa-esp32-elf/bin/../lib/gcc/xtensa-esp32-elf/8.4.0/../../../../xtensa-esp32-elf/lib/
COLLECT_GCC_OPTIONS='-mlongcalls' '-Wno-frame-address' '-v' '-o' 'CMakeFiles/cmTC_252c0.dir/CMakeCXXCompilerABI.cpp.obj' '-c'
[2/2] Linking CXX executable cmTC_252c0
Using built-in specs.
COLLECT_GCC=/Users/computer-wizz/.espressif/tools/xtensa-esp32-elf/esp-2021r2-8.4.0/xtensa-esp32-elf/bin/xtensa-esp32-elf-g++
COLLECT_LTO_WRAPPER=/Users/computer-wizz/.espressif/tools/xtensa-esp32-elf/esp-2021r2-8.4.0/xtensa-esp32-elf/bin/../libexec/gcc/xtensa-esp32-elf/8.4.0/lto-wrapper
Target: xtensa-esp32-elf
Configured with: /builds/idf/crosstool-NG/.build/HOST-x86_64-apple-darwin12/xtensa-esp32-elf/src/gcc/configure --build=x86_64-build_pc-linux-gnu --host=x86_64-host_apple-darwin12 --target=xtensa-esp32-elf --prefix=/builds/idf/crosstool-NG/builds/xtensa-esp32-elf --with-local-prefix=/builds/idf/crosstool-NG/builds/xtensa-esp32-elf/xtensa-esp32-elf --with-headers=/builds/idf/crosstool-NG/builds/xtensa-esp32-elf/xtensa-esp32-elf/include --with-newlib --enable-threads=no --disable-shared --with-pkgversion='crosstool-NG esp-2021r2' --disable-__cxa_atexit --enable-cxx-flags=-ffunction-sections --disable-libgomp --disable-libmudflap --disable-libmpx --disable-libssp --disable-libquadmath --disable-libquadmath-support --with-gmp=/builds/idf/crosstool-NG/.build/HOST-x86_64-apple-darwin12/xtensa-esp32-elf/buildtools/complibs-host --with-mpfr=/builds/idf/crosstool-NG/.build/HOST-x86_64-apple-darwin12/xtensa-esp32-elf/buildtools/complibs-host --with-mpc=/builds/idf/crosstool-NG/.build/HOST-x86_64-apple-darwin12/xtensa-esp32-elf/buildtools/complibs-host --with-isl=/builds/idf/crosstool-NG/.build/HOST-x86_64-apple-darwin12/xtensa-esp32-elf/buildtools/complibs-host --enable-lto --enable-target-optspace --without-long-double-128 --disable-nls --enable-multiarch --enable-languages=c,c++ --disable-libstdcxx-verbose --enable-threads=posix --enable-gcov-custom-rtio --enable-libstdcxx-time=yes
Thread model: posix
gcc version 8.4.0 (crosstool-NG esp-2021r2) 
COMPILER_PATH=/Users/computer-wizz/.espressif/tools/xtensa-esp32-elf/esp-2021r2-8.4.0/xtensa-esp32-elf/bin/../libexec/gcc/xtensa-esp32-elf/8.4.0/:/Users/computer-wizz/.espressif/tools/xtensa-esp32-elf/esp-2021r2-8.4.0/xtensa-esp32-elf/bin/../libexec/gcc/:/Users/computer-wizz/.espressif/tools/xtensa-esp32-elf/esp-2021r2-8.4.0/xtensa-esp32-elf/bin/../lib/gcc/xtensa-esp32-elf/8.4.0/../../../../xtensa-esp32-elf/bin/
LIBRARY_PATH=/Users/computer-wizz/.espressif/tools/xtensa-esp32-elf/esp-2021r2-8.4.0/xtensa-esp32-elf/bin/../lib/gcc/xtensa-esp32-elf/8.4.0/:/Users/computer-wizz/.espressif/tools/xtensa-esp32-elf/esp-2021r2-8.4.0/xtensa-esp32-elf/bin/../lib/gcc/:/Users/computer-wizz/.espressif/tools/xtensa-esp32-elf/esp-2021r2-8.4.0/xtensa-esp32-elf/bin/../lib/gcc/xtensa-esp32-elf/8.4.0/../../../../xtensa-esp32-elf/lib/
COLLECT_GCC_OPTIONS='-mlongcalls' '-Wno-frame-address' '-v' '-o' 'cmTC_252c0'
 /Users/computer-wizz/.espressif/tools/xtensa-esp32-elf/esp-2021r2-8.4.0/xtensa-esp32-elf/bin/../libexec/gcc/xtensa-esp32-elf/8.4.0/collect2 -plugin /Users/computer-wizz/.espressif/tools/xtensa-esp32-elf/esp-2021r2-8.4.0/xtensa-esp32-elf/bin/../libexec/gcc/xtensa-esp32-elf/8.4.0/liblto_plugin.so -plugin-opt=/Users/computer-wizz/.espressif/tools/xtensa-esp32-elf/esp-2021r2-8.4.0/xtensa-esp32-elf/bin/../libexec/gcc/xtensa-esp32-elf/8.4.0/lto-wrapper -plugin-opt=-fresolution=/var/folders/vs/md0r3zc90zs399fpktlxyfpr0000gn/T//ccW1z9Pk.res -plugin-opt=-pass-through=-lgcc -plugin-opt=-pass-through=-lc -plugin-opt=-pass-through=-lnosys -plugin-opt=-pass-through=-lc -plugin-opt=-pass-through=-lgcc -o cmTC_252c0 /Users/computer-wizz/.espressif/tools/xtensa-esp32-elf/esp-2021r2-8.4.0/xtensa-esp32-elf/bin/../lib/gcc/xtensa-esp32-elf/8.4.0/../../../../xtensa-esp32-elf/lib/crt0.o /Users/computer-wizz/.espressif/tools/xtensa-esp32-elf/esp-2021r2-8.4.0/xtensa-esp32-elf/bin/../lib/gcc/xtensa-esp32-elf/8.4.0/crti.o /Users/computer-wizz/.espressif/tools/xtensa-esp32-elf/esp-2021r2-8.4.0/xtensa-esp32-elf/bin/../lib/gcc/xtensa-esp32-elf/8.4.0/crtbegin.o -L/Users/computer-wizz/.espressif/tools/xtensa-esp32-elf/esp-2021r2-8.4.0/xtensa-esp32-elf/bin/../lib/gcc/xtensa-esp32-elf/8.4.0 -L/Users/computer-wizz/.espressif/tools/xtensa-esp32-elf/esp-2021r2-8.4.0/xtensa-esp32-elf/bin/../lib/gcc -L/Users/computer-wizz/.espressif/tools/xtensa-esp32-elf/esp-2021r2-8.4.0/xtensa-esp32-elf/bin/../lib/gcc/xtensa-esp32-elf/8.4.0/../../../../xtensa-esp32-elf/lib CMakeFiles/cmTC_252c0.dir/CMakeCXXCompilerABI.cpp.obj -lstdc++ -lm -lgcc -lc -lnosys -lc -lgcc /Users/computer-wizz/.espressif/tools/xtensa-esp32-elf/esp-2021r2-8.4.0/xtensa-esp32-elf/bin/../lib/gcc/xtensa-esp32-elf/8.4.0/crtend.o /Users/computer-wizz/.espressif/tools/xtensa-esp32-elf/esp-2021r2-8.4.0/xtensa-esp32-elf/bin/../lib/gcc/xtensa-esp32-elf/8.4.0/crtn.o
COLLECT_GCC_OPTIONS='-mlongcalls' '-Wno-frame-address' '-v' '-o' 'cmTC_252c0'



Parsed CXX implicit include dir info from above output: rv=done
  found start of include info
  found start of implicit include info
    add: [/Users/computer-wizz/.espressif/tools/xtensa-esp32-elf/esp-2021r2-8.4.0/xtensa-esp32-elf/bin/../lib/gcc/xtensa-esp32-elf/8.4.0/../../../../xtensa-esp32-elf/include/c++/8.4.0]
    add: [/Users/computer-wizz/.espressif/tools/xtensa-esp32-elf/esp-2021r2-8.4.0/xtensa-esp32-elf/bin/../lib/gcc/xtensa-esp32-elf/8.4.0/../../../../xtensa-esp32-elf/include/c++/8.4.0/xtensa-esp32-elf]
    add: [/Users/computer-wizz/.espressif/tools/xtensa-esp32-elf/esp-2021r2-8.4.0/xtensa-esp32-elf/bin/../lib/gcc/xtensa-esp32-elf/8.4.0/../../../../xtensa-esp32-elf/include/c++/8.4.0/backward]
    add: [/Users/computer-wizz/.espressif/tools/xtensa-esp32-elf/esp-2021r2-8.4.0/xtensa-esp32-elf/bin/../lib/gcc/xtensa-esp32-elf/8.4.0/include]
    add: [/Users/computer-wizz/.espressif/tools/xtensa-esp32-elf/esp-2021r2-8.4.0/xtensa-esp32-elf/bin/../lib/gcc/xtensa-esp32-elf/8.4.0/include-fixed]
    add: [/Users/computer-wizz/.espressif/tools/xtensa-esp32-elf/esp-2021r2-8.4.0/xtensa-esp32-elf/bin/../lib/gcc/xtensa-esp32-elf/8.4.0/../../../../xtensa-esp32-elf/sys-include]
    add: [/Users/computer-wizz/.espressif/tools/xtensa-esp32-elf/esp-2021r2-8.4.0/xtensa-esp32-elf/bin/../lib/gcc/xtensa-esp32-elf/8.4.0/../../../../xtensa-esp32-elf/include]
  end of search list found
  collapse include dir [/Users/computer-wizz/.espressif/tools/xtensa-esp32-elf/esp-2021r2-8.4.0/xtensa-esp32-elf/bin/../lib/gcc/xtensa-esp32-elf/8.4.0/../../../../xtensa-esp32-elf/include/c++/8.4.0] ==> [/Users/computer-wizz/.espressif/tools/xtensa-esp32-elf/esp-2021r2-8.4.0/xtensa-esp32-elf/xtensa-esp32-elf/include/c++/8.4.0]
  collapse include dir [/Users/computer-wizz/.espressif/tools/xtensa-esp32-elf/esp-2021r2-8.4.0/xtensa-esp32-elf/bin/../lib/gcc/xtensa-esp32-elf/8.4.0/../../../../xtensa-esp32-elf/include/c++/8.4.0/xtensa-esp32-elf] ==> [/Users/computer-wizz/.espressif/tools/xtensa-esp32-elf/esp-2021r2-8.4.0/xtensa-esp32-elf/xtensa-esp32-elf/include/c++/8.4.0/xtensa-esp32-elf]
  collapse include dir [/Users/computer-wizz/.espressif/tools/xtensa-esp32-elf/esp-2021r2-8.4.0/xtensa-esp32-elf/bin/../lib/gcc/xtensa-esp32-elf/8.4.0/../../../../xtensa-esp32-elf/include/c++/8.4.0/backward] ==> [/Users/computer-wizz/.espressif/tools/xtensa-esp32-elf/esp-2021r2-8.4.0/xtensa-esp32-elf/xtensa-esp32-elf/include/c++/8.4.0/backward]
  collapse include dir [/Users/computer-wizz/.espressif/tools/xtensa-esp32-elf/esp-2021r2-8.4.0/xtensa-esp32-elf/bin/../lib/gcc/xtensa-esp32-elf/8.4.0/include] ==> [/Users/computer-wizz/.espressif/tools/xtensa-esp32-elf/esp-2021r2-8.4.0/xtensa-esp32-elf/lib/gcc/xtensa-esp32-elf/8.4.0/include]
  collapse include dir [/Users/computer-wizz/.espressif/tools/xtensa-esp32-elf/esp-2021r2-8.4.0/xtensa-esp32-elf/bin/../lib/gcc/xtensa-esp32-elf/8.4.0/include-fixed] ==> [/Users/computer-wizz/.espressif/tools/xtensa-esp32-elf/esp-2021r2-8.4.0/xtensa-esp32-elf/lib/gcc/xtensa-esp32-elf/8.4.0/include-fixed]
  collapse include dir [/Users/computer-wizz/.espressif/tools/xtensa-esp32-elf/esp-2021r2-8.4.0/xtensa-esp32-elf/bin/../lib/gcc/xtensa-esp32-elf/8.4.0/../../../../xtensa-esp32-elf/sys-include] ==> [/Users/computer-wizz/.espressif/tools/xtensa-esp32-elf/esp-2021r2-8.4.0/xtensa-esp32-elf/xtensa-esp32-elf/sys-include]
  collapse include dir [/Users/computer-wizz/.espressif/tools/xtensa-esp32-elf/esp-2021r2-8.4.0/xtensa-esp32-elf/bin/../lib/gcc/xtensa-esp32-elf/8.4.0/../../../../xtensa-esp32-elf/include] ==> [/Users/computer-wizz/.espressif/tools/xtensa-esp32-elf/esp-2021r2-8.4.0/xtensa-esp32-elf/xtensa-esp32-elf/include]
  implicit include dirs: [/Users/computer-wizz/.espressif/tools/xtensa-esp32-elf/esp-2021r2-8.4.0/xtensa-esp32-elf/xtensa-esp32-elf/include/c++/8.4.0;/Users/computer-wizz/.espressif/tools/xtensa-esp32-elf/esp-2021r2-8.4.0/xtensa-esp32-elf/xtensa-esp32-elf/include/c++/8.4.0/xtensa-esp32-elf;/Users/computer-wizz/.espressif/tools/xtensa-esp32-elf/esp-2021r2-8.4.0/xtensa-esp32-elf/xtensa-esp32-elf/include/c++/8.4.0/backward;/Users/computer-wizz/.espressif/tools/xtensa-esp32-elf/esp-2021r2-8.4.0/xtensa-esp32-elf/lib/gcc/xtensa-esp32-elf/8.4.0/include;/Users/computer-wizz/.espressif/tools/xtensa-esp32-elf/esp-2021r2-8.4.0/xtensa-esp32-elf/lib/gcc/xtensa-esp32-elf/8.4.0/include-fixed;/Users/computer-wizz/.espressif/tools/xtensa-esp32-elf/esp-2021r2-8.4.0/xtensa-esp32-elf/xtensa-esp32-elf/sys-include;/Users/computer-wizz/.espressif/tools/xtensa-esp32-elf/esp-2021r2-8.4.0/xtensa-esp32-elf/xtensa-esp32-elf/include]


Parsed CXX implicit link information from above output:
  link line regex: [^( *|.*[/\])(xtensa-esp32-elf-ld|CMAKE_LINK_STARTFILE-NOTFOUND|([^/\]+-)?ld|collect2)[^/\]*( |$)]
  ignore line: [Change Dir: /Users/computer-wizz/esp/Quest2/SuperCode/build/CMakeFiles/CMakeTmp]
  ignore line: []
  ignore line: [Run Build Command(s):/Users/computer-wizz/.espressif/tools/ninja/1.10.2/ninja cmTC_252c0 && [1/2] Building CXX object CMakeFiles/cmTC_252c0.dir/CMakeCXXCompilerABI.cpp.obj]
  ignore line: [Using built-in specs.]
  ignore line: [COLLECT_GCC=/Users/computer-wizz/.espressif/tools/xtensa-esp32-elf/esp-2021r2-8.4.0/xtensa-esp32-elf/bin/xtensa-esp32-elf-g++]
  ignore line: [Target: xtensa-esp32-elf]
  ignore line: [Configured with: /builds/idf/crosstool-NG/.build/HOST-x86_64-apple-darwin12/xtensa-esp32-elf/src/gcc/configure --build=x86_64-build_pc-linux-gnu --host=x86_64-host_apple-darwin12 --target=xtensa-esp32-elf --prefix=/builds/idf/crosstool-NG/builds/xtensa-esp32-elf --with-local-prefix=/builds/idf/crosstool-NG/builds/xtensa-esp32-elf/xtensa-esp32-elf --with-headers=/builds/idf/crosstool-NG/builds/xtensa-esp32-elf/xtensa-esp32-elf/include --with-newlib --enable-threads=no --disable-shared --with-pkgversion='crosstool-NG esp-2021r2' --disable-__cxa_atexit --enable-cxx-flags=-ffunction-sections --disable-libgomp --disable-libmudflap --disable-libmpx --disable-libssp --disable-libquadmath --disable-libquadmath-support --with-gmp=/builds/idf/crosstool-NG/.build/HOST-x86_64-apple-darwin12/xtensa-esp32-elf/buildtools/complibs-host --with-mpfr=/builds/idf/crosstool-NG/.build/HOST-x86_64-apple-darwin12/xtensa-esp32-elf/buildtools/complibs-host --with-mpc=/builds/idf/crosstool-NG/.build/HOST-x86_64-apple-darwin12/xtensa-esp32-elf/buildtools/complibs-host --with-isl=/builds/idf/crosstool-NG/.build/HOST-x86_64-apple-darwin12/xtensa-esp32-elf/buildtools/complibs-host --enable-lto --enable-target-optspace --without-long-double-128 --disable-nls --enable-multiarch --enable-languages=c c++ --disable-libstdcxx-verbose --enable-threads=posix --enable-gcov-custom-rtio --enable-libstdcxx-time=yes]
  ignore line: [Thread model: posix]
  ignore line: [gcc version 8.4.0 (crosstool-NG esp-2021r2) ]
  ignore line: [COLLECT_GCC_OPTIONS='-mlongcalls' '-Wno-frame-address' '-v' '-o' 'CMakeFiles/cmTC_252c0.dir/CMakeCXXCompilerABI.cpp.obj' '-c']
  ignore line: [ /Users/computer-wizz/.espressif/tools/xtensa-esp32-elf/esp-2021r2-8.4.0/xtensa-esp32-elf/bin/../libexec/gcc/xtensa-esp32-elf/8.4.0/cc1plus -quiet -v -iprefix /Users/computer-wizz/.espressif/tools/xtensa-esp32-elf/esp-2021r2-8.4.0/xtensa-esp32-elf/bin/../lib/gcc/xtensa-esp32-elf/8.4.0/ /Users/computer-wizz/.espressif/tools/cmake/3.20.3/CMake.app/Contents/share/cmake-3.20/Modules/CMakeCXXCompilerABI.cpp -quiet -dumpbase CMakeCXXCompilerABI.cpp -mlongcalls -auxbase-strip CMakeFiles/cmTC_252c0.dir/CMakeCXXCompilerABI.cpp.obj -Wno-frame-address -version -o /var/folders/vs/md0r3zc90zs399fpktlxyfpr0000gn/T//ccyuOgiN.s]
  ignore line: [GNU C++14 (crosstool-NG esp-2021r2) version 8.4.0 (xtensa-esp32-elf)]
  ignore line: [	compiled by GNU C version 8.3.0  GMP version 6.2.0  MPFR version 4.0.2  MPC version 1.1.0  isl version isl-0.19-GMP]
  ignore line: []
  ignore line: [GGC heuristics: --param ggc-min-expand=100 --param ggc-min-heapsize=131072]
  ignore line: [ignoring duplicate directory "/Users/computer-wizz/.espressif/tools/xtensa-esp32-elf/esp-2021r2-8.4.0/xtensa-esp32-elf/bin/../lib/gcc/../../lib/gcc/xtensa-esp32-elf/8.4.0/../../../../xtensa-esp32-elf/include/c++/8.4.0"]
  ignore line: [ignoring duplicate directory "/Users/computer-wizz/.espressif/tools/xtensa-esp32-elf/esp-2021r2-8.4.0/xtensa-esp32-elf/bin/../lib/gcc/../../lib/gcc/xtensa-esp32-elf/8.4.0/../../../../xtensa-esp32-elf/include/c++/8.4.0/xtensa-esp32-elf"]
  ignore line: [ignoring duplicate directory "/Users/computer-wizz/.espressif/tools/xtensa-esp32-elf/esp-2021r2-8.4.0/xtensa-esp32-elf/bin/../lib/gcc/../../lib/gcc/xtensa-esp32-elf/8.4.0/../../../../xtensa-esp32-elf/include/c++/8.4.0/backward"]
  ignore line: [ignoring duplicate directory "/Users/computer-wizz/.espressif/tools/xtensa-esp32-elf/esp-2021r2-8.4.0/xtensa-esp32-elf/bin/../lib/gcc/../../lib/gcc/xtensa-esp32-elf/8.4.0/include"]
  ignore line: [ignoring duplicate directory "/Users/computer-wizz/.espressif/tools/xtensa-esp32-elf/esp-2021r2-8.4.0/xtensa-esp32-elf/bin/../lib/gcc/../../lib/gcc/xtensa-esp32-elf/8.4.0/include-fixed"]
  ignore line: [ignoring duplicate directory "/Users/computer-wizz/.espressif/tools/xtensa-esp32-elf/esp-2021r2-8.4.0/xtensa-esp32-elf/bin/../lib/gcc/../../lib/gcc/xtensa-esp32-elf/8.4.0/../../../../xtensa-esp32-elf/sys-include"]
  ignore line: [ignoring duplicate directory "/Users/computer-wizz/.espressif/tools/xtensa-esp32-elf/esp-2021r2-8.4.0/xtensa-esp32-elf/bin/../lib/gcc/../../lib/gcc/xtensa-esp32-elf/8.4.0/../../../../xtensa-esp32-elf/include"]
  ignore line: [#include "..." search starts here:]
  ignore line: [#include <...> search starts here:]
  ignore line: [ /Users/computer-wizz/.espressif/tools/xtensa-esp32-elf/esp-2021r2-8.4.0/xtensa-esp32-elf/bin/../lib/gcc/xtensa-esp32-elf/8.4.0/../../../../xtensa-esp32-elf/include/c++/8.4.0]
  ignore line: [ /Users/computer-wizz/.espressif/tools/xtensa-esp32-elf/esp-2021r2-8.4.0/xtensa-esp32-elf/bin/../lib/gcc/xtensa-esp32-elf/8.4.0/../../../../xtensa-esp32-elf/include/c++/8.4.0/xtensa-esp32-elf]
  ignore line: [ /Users/computer-wizz/.espressif/tools/xtensa-esp32-elf/esp-2021r2-8.4.0/xtensa-esp32-elf/bin/../lib/gcc/xtensa-esp32-elf/8.4.0/../../../../xtensa-esp32-elf/include/c++/8.4.0/backward]
  ignore line: [ /Users/computer-wizz/.espressif/tools/xtensa-esp32-elf/esp-2021r2-8.4.0/xtensa-esp32-elf/bin/../lib/gcc/xtensa-esp32-elf/8.4.0/include]
  ignore line: [ /Users/computer-wizz/.espressif/tools/xtensa-esp32-elf/esp-2021r2-8.4.0/xtensa-esp32-elf/bin/../lib/gcc/xtensa-esp32-elf/8.4.0/include-fixed]
  ignore line: [ /Users/computer-wizz/.espressif/tools/xtensa-esp32-elf/esp-2021r2-8.4.0/xtensa-esp32-elf/bin/../lib/gcc/xtensa-esp32-elf/8.4.0/../../../../xtensa-esp32-elf/sys-include]
  ignore line: [ /Users/computer-wizz/.espressif/tools/xtensa-esp32-elf/esp-2021r2-8.4.0/xtensa-esp32-elf/bin/../lib/gcc/xtensa-esp32-elf/8.4.0/../../../../xtensa-esp32-elf/include]
  ignore line: [End of search list.]
  ignore line: [GNU C++14 (crosstool-NG esp-2021r2) version 8.4.0 (xtensa-esp32-elf)]
  ignore line: [	compiled by GNU C version 8.3.0  GMP version 6.2.0  MPFR version 4.0.2  MPC version 1.1.0  isl version isl-0.19-GMP]
  ignore line: []
  ignore line: [GGC heuristics: --param ggc-min-expand=100 --param ggc-min-heapsize=131072]
  ignore line: [Compiler executable checksum: 1b93df797d00eb20d02b8bbe18815aaa]
  ignore line: [COLLECT_GCC_OPTIONS='-mlongcalls' '-Wno-frame-address' '-v' '-o' 'CMakeFiles/cmTC_252c0.dir/CMakeCXXCompilerABI.cpp.obj' '-c']
  ignore line: [ /Users/computer-wizz/.espressif/tools/xtensa-esp32-elf/esp-2021r2-8.4.0/xtensa-esp32-elf/bin/../lib/gcc/xtensa-esp32-elf/8.4.0/../../../../xtensa-esp32-elf/bin/as --traditional-format --longcalls -o CMakeFiles/cmTC_252c0.dir/CMakeCXXCompilerABI.cpp.obj /var/folders/vs/md0r3zc90zs399fpktlxyfpr0000gn/T//ccyuOgiN.s]
  ignore line: [COMPILER_PATH=/Users/computer-wizz/.espressif/tools/xtensa-esp32-elf/esp-2021r2-8.4.0/xtensa-esp32-elf/bin/../libexec/gcc/xtensa-esp32-elf/8.4.0/:/Users/computer-wizz/.espressif/tools/xtensa-esp32-elf/esp-2021r2-8.4.0/xtensa-esp32-elf/bin/../libexec/gcc/:/Users/computer-wizz/.espressif/tools/xtensa-esp32-elf/esp-2021r2-8.4.0/xtensa-esp32-elf/bin/../lib/gcc/xtensa-esp32-elf/8.4.0/../../../../xtensa-esp32-elf/bin/]
  ignore line: [LIBRARY_PATH=/Users/computer-wizz/.espressif/tools/xtensa-esp32-elf/esp-2021r2-8.4.0/xtensa-esp32-elf/bin/../lib/gcc/xtensa-esp32-elf/8.4.0/:/Users/computer-wizz/.espressif/tools/xtensa-esp32-elf/esp-2021r2-8.4.0/xtensa-esp32-elf/bin/../lib/gcc/:/Users/computer-wizz/.espressif/tools/xtensa-esp32-elf/esp-2021r2-8.4.0/xtensa-esp32-elf/bin/../lib/gcc/xtensa-esp32-elf/8.4.0/../../../../xtensa-esp32-elf/lib/]
  ignore line: [COLLECT_GCC_OPTIONS='-mlongcalls' '-Wno-frame-address' '-v' '-o' 'CMakeFiles/cmTC_252c0.dir/CMakeCXXCompilerABI.cpp.obj' '-c']
  ignore line: [[2/2] Linking CXX executable cmTC_252c0]
  ignore line: [Using built-in specs.]
  ignore line: [COLLECT_GCC=/Users/computer-wizz/.espressif/tools/xtensa-esp32-elf/esp-2021r2-8.4.0/xtensa-esp32-elf/bin/xtensa-esp32-elf-g++]
  ignore line: [COLLECT_LTO_WRAPPER=/Users/computer-wizz/.espressif/tools/xtensa-esp32-elf/esp-2021r2-8.4.0/xtensa-esp32-elf/bin/../libexec/gcc/xtensa-esp32-elf/8.4.0/lto-wrapper]
  ignore line: [Target: xtensa-esp32-elf]
  ignore line: [Configured with: /builds/idf/crosstool-NG/.build/HOST-x86_64-apple-darwin12/xtensa-esp32-elf/src/gcc/configure --build=x86_64-build_pc-linux-gnu --host=x86_64-host_apple-darwin12 --target=xtensa-esp32-elf --prefix=/builds/idf/crosstool-NG/builds/xtensa-esp32-elf --with-local-prefix=/builds/idf/crosstool-NG/builds/xtensa-esp32-elf/xtensa-esp32-elf --with-headers=/builds/idf/crosstool-NG/builds/xtensa-esp32-elf/xtensa-esp32-elf/include --with-newlib --enable-threads=no --disable-shared --with-pkgversion='crosstool-NG esp-2021r2' --disable-__cxa_atexit --enable-cxx-flags=-ffunction-sections --disable-libgomp --disable-libmudflap --disable-libmpx --disable-libssp --disable-libquadmath --disable-libquadmath-support --with-gmp=/builds/idf/crosstool-NG/.build/HOST-x86_64-apple-darwin12/xtensa-esp32-elf/buildtools/complibs-host --with-mpfr=/builds/idf/crosstool-NG/.build/HOST-x86_64-apple-darwin12/xtensa-esp32-elf/buildtools/complibs-host --with-mpc=/builds/idf/crosstool-NG/.build/HOST-x86_64-apple-darwin12/xtensa-esp32-elf/buildtools/complibs-host --with-isl=/builds/idf/crosstool-NG/.build/HOST-x86_64-apple-darwin12/xtensa-esp32-elf/buildtools/complibs-host --enable-lto --enable-target-optspace --without-long-double-128 --disable-nls --enable-multiarch --enable-languages=c c++ --disable-libstdcxx-verbose --enable-threads=posix --enable-gcov-custom-rtio --enable-libstdcxx-time=yes]
  ignore line: [Thread model: posix]
  ignore line: [gcc version 8.4.0 (crosstool-NG esp-2021r2) ]
  ignore line: [COMPILER_PATH=/Users/computer-wizz/.espressif/tools/xtensa-esp32-elf/esp-2021r2-8.4.0/xtensa-esp32-elf/bin/../libexec/gcc/xtensa-esp32-elf/8.4.0/:/Users/computer-wizz/.espressif/tools/xtensa-esp32-elf/esp-2021r2-8.4.0/xtensa-esp32-elf/bin/../libexec/gcc/:/Users/computer-wizz/.espressif/tools/xtensa-esp32-elf/esp-2021r2-8.4.0/xtensa-esp32-elf/bin/../lib/gcc/xtensa-esp32-elf/8.4.0/../../../../xtensa-esp32-elf/bin/]
  ignore line: [LIBRARY_PATH=/Users/computer-wizz/.espressif/tools/xtensa-esp32-elf/esp-2021r2-8.4.0/xtensa-esp32-elf/bin/../lib/gcc/xtensa-esp32-elf/8.4.0/:/Users/computer-wizz/.espressif/tools/xtensa-esp32-elf/esp-2021r2-8.4.0/xtensa-esp32-elf/bin/../lib/gcc/:/Users/computer-wizz/.espressif/tools/xtensa-esp32-elf/esp-2021r2-8.4.0/xtensa-esp32-elf/bin/../lib/gcc/xtensa-esp32-elf/8.4.0/../../../../xtensa-esp32-elf/lib/]
  ignore line: [COLLECT_GCC_OPTIONS='-mlongcalls' '-Wno-frame-address' '-v' '-o' 'cmTC_252c0']
  link line: [ /Users/computer-wizz/.espressif/tools/xtensa-esp32-elf/esp-2021r2-8.4.0/xtensa-esp32-elf/bin/../libexec/gcc/xtensa-esp32-elf/8.4.0/collect2 -plugin /Users/computer-wizz/.espressif/tools/xtensa-esp32-elf/esp-2021r2-8.4.0/xtensa-esp32-elf/bin/../libexec/gcc/xtensa-esp32-elf/8.4.0/liblto_plugin.so -plugin-opt=/Users/computer-wizz/.espressif/tools/xtensa-esp32-elf/esp-2021r2-8.4.0/xtensa-esp32-elf/bin/../libexec/gcc/xtensa-esp32-elf/8.4.0/lto-wrapper -plugin-opt=-fresolution=/var/folders/vs/md0r3zc90zs399fpktlxyfpr0000gn/T//ccW1z9Pk.res -plugin-opt=-pass-through=-lgcc -plugin-opt=-pass-through=-lc -plugin-opt=-pass-through=-lnosys -plugin-opt=-pass-through=-lc -plugin-opt=-pass-through=-lgcc -o cmTC_252c0 /Users/computer-wizz/.espressif/tools/xtensa-esp32-elf/esp-2021r2-8.4.0/xtensa-esp32-elf/bin/../lib/gcc/xtensa-esp32-elf/8.4.0/../../../../xtensa-esp32-elf/lib/crt0.o /Users/computer-wizz/.espressif/tools/xtensa-esp32-elf/esp-2021r2-8.4.0/xtensa-esp32-elf/bin/../lib/gcc/xtensa-esp32-elf/8.4.0/crti.o /Users/computer-wizz/.espressif/tools/xtensa-esp32-elf/esp-2021r2-8.4.0/xtensa-esp32-elf/bin/../lib/gcc/xtensa-esp32-elf/8.4.0/crtbegin.o -L/Users/computer-wizz/.espressif/tools/xtensa-esp32-elf/esp-2021r2-8.4.0/xtensa-esp32-elf/bin/../lib/gcc/xtensa-esp32-elf/8.4.0 -L/Users/computer-wizz/.espressif/tools/xtensa-esp32-elf/esp-2021r2-8.4.0/xtensa-esp32-elf/bin/../lib/gcc -L/Users/computer-wizz/.espressif/tools/xtensa-esp32-elf/esp-2021r2-8.4.0/xtensa-esp32-elf/bin/../lib/gcc/xtensa-esp32-elf/8.4.0/../../../../xtensa-esp32-elf/lib CMakeFiles/cmTC_252c0.dir/CMakeCXXCompilerABI.cpp.obj -lstdc++ -lm -lgcc -lc -lnosys -lc -lgcc /Users/computer-wizz/.espressif/tools/xtensa-esp32-elf/esp-2021r2-8.4.0/xtensa-esp32-elf/bin/../lib/gcc/xtensa-esp32-elf/8.4.0/crtend.o /Users/computer-wizz/.espressif/tools/xtensa-esp32-elf/esp-2021r2-8.4.0/xtensa-esp32-elf/bin/../lib/gcc/xtensa-esp32-elf/8.4.0/crtn.o]
    arg [/Users/computer-wizz/.espressif/tools/xtensa-esp32-elf/esp-2021r2-8.4.0/xtensa-esp32-elf/bin/../libexec/gcc/xtensa-esp32-elf/8.4.0/collect2] ==> ignore
    arg [-plugin] ==> ignore
    arg [/Users/computer-wizz/.espressif/tools/xtensa-esp32-elf/esp-2021r2-8.4.0/xtensa-esp32-elf/bin/../libexec/gcc/xtensa-esp32-elf/8.4.0/liblto_plugin.so] ==> ignore
    arg [-plugin-opt=/Users/computer-wizz/.espressif/tools/xtensa-esp32-elf/esp-2021r2-8.4.0/xtensa-esp32-elf/bin/../libexec/gcc/xtensa-esp32-elf/8.4.0/lto-wrapper] ==> ignore
    arg [-plugin-opt=-fresolution=/var/folders/vs/md0r3zc90zs399fpktlxyfpr0000gn/T//ccW1z9Pk.res] ==> ignore
    arg [-plugin-opt=-pass-through=-lgcc] ==> ignore
    arg [-plugin-opt=-pass-through=-lc] ==> ignore
    arg [-plugin-opt=-pass-through=-lnosys] ==> ignore
    arg [-plugin-opt=-pass-through=-lc] ==> ignore
    arg [-plugin-opt=-pass-through=-lgcc] ==> ignore
    arg [-o] ==> ignore
    arg [cmTC_252c0] ==> ignore
    arg [/Users/computer-wizz/.espressif/tools/xtensa-esp32-elf/esp-2021r2-8.4.0/xtensa-esp32-elf/bin/../lib/gcc/xtensa-esp32-elf/8.4.0/../../../../xtensa-esp32-elf/lib/crt0.o] ==> obj [/Users/computer-wizz/.espressif/tools/xtensa-esp32-elf/esp-2021r2-8.4.0/xtensa-esp32-elf/bin/../lib/gcc/xtensa-esp32-elf/8.4.0/../../../../xtensa-esp32-elf/lib/crt0.o]
    arg [/Users/computer-wizz/.espressif/tools/xtensa-esp32-elf/esp-2021r2-8.4.0/xtensa-esp32-elf/bin/../lib/gcc/xtensa-esp32-elf/8.4.0/crti.o] ==> obj [/Users/computer-wizz/.espressif/tools/xtensa-esp32-elf/esp-2021r2-8.4.0/xtensa-esp32-elf/bin/../lib/gcc/xtensa-esp32-elf/8.4.0/crti.o]
    arg [/Users/computer-wizz/.espressif/tools/xtensa-esp32-elf/esp-2021r2-8.4.0/xtensa-esp32-elf/bin/../lib/gcc/xtensa-esp32-elf/8.4.0/crtbegin.o] ==> obj [/Users/computer-wizz/.espressif/tools/xtensa-esp32-elf/esp-2021r2-8.4.0/xtensa-esp32-elf/bin/../lib/gcc/xtensa-esp32-elf/8.4.0/crtbegin.o]
    arg [-L/Users/computer-wizz/.espressif/tools/xtensa-esp32-elf/esp-2021r2-8.4.0/xtensa-esp32-elf/bin/../lib/gcc/xtensa-esp32-elf/8.4.0] ==> dir [/Users/computer-wizz/.espressif/tools/xtensa-esp32-elf/esp-2021r2-8.4.0/xtensa-esp32-elf/bin/../lib/gcc/xtensa-esp32-elf/8.4.0]
    arg [-L/Users/computer-wizz/.espressif/tools/xtensa-esp32-elf/esp-2021r2-8.4.0/xtensa-esp32-elf/bin/../lib/gcc] ==> dir [/Users/computer-wizz/.espressif/tools/xtensa-esp32-elf/esp-2021r2-8.4.0/xtensa-esp32-elf/bin/../lib/gcc]
    arg [-L/Users/computer-wizz/.espressif/tools/xtensa-esp32-elf/esp-2021r2-8.4.0/xtensa-esp32-elf/bin/../lib/gcc/xtensa-esp32-elf/8.4.0/../../../../xtensa-esp32-elf/lib] ==> dir [/Users/computer-wizz/.espressif/tools/xtensa-esp32-elf/esp-2021r2-8.4.0/xtensa-esp32-elf/bin/../lib/gcc/xtensa-esp32-elf/8.4.0/../../../../xtensa-esp32-elf/lib]
    arg [CMakeFiles/cmTC_252c0.dir/CMakeCXXCompilerABI.cpp.obj] ==> ignore
    arg [-lstdc++] ==> lib [stdc++]
    arg [-lm] ==> lib [m]
    arg [-lgcc] ==> lib [gcc]
    arg [-lc] ==> lib [c]
    arg [-lnosys] ==> lib [nosys]
    arg [-lc] ==> lib [c]
    arg [-lgcc] ==> lib [gcc]
    arg [/Users/computer-wizz/.espressif/tools/xtensa-esp32-elf/esp-2021r2-8.4.0/xtensa-esp32-elf/bin/../lib/gcc/xtensa-esp32-elf/8.4.0/crtend.o] ==> obj [/Users/computer-wizz/.espressif/tools/xtensa-esp32-elf/esp-2021r2-8.4.0/xtensa-esp32-elf/bin/../lib/gcc/xtensa-esp32-elf/8.4.0/crtend.o]
    arg [/Users/computer-wizz/.espressif/tools/xtensa-esp32-elf/esp-2021r2-8.4.0/xtensa-esp32-elf/bin/../lib/gcc/xtensa-esp32-elf/8.4.0/crtn.o] ==> obj [/Users/computer-wizz/.espressif/tools/xtensa-esp32-elf/esp-2021r2-8.4.0/xtensa-esp32-elf/bin/../lib/gcc/xtensa-esp32-elf/8.4.0/crtn.o]
  collapse obj [/Users/computer-wizz/.espressif/tools/xtensa-esp32-elf/esp-2021r2-8.4.0/xtensa-esp32-elf/bin/../lib/gcc/xtensa-esp32-elf/8.4.0/../../../../xtensa-esp32-elf/lib/crt0.o] ==> [/Users/computer-wizz/.espressif/tools/xtensa-esp32-elf/esp-2021r2-8.4.0/xtensa-esp32-elf/xtensa-esp32-elf/lib/crt0.o]
  collapse obj [/Users/computer-wizz/.espressif/tools/xtensa-esp32-elf/esp-2021r2-8.4.0/xtensa-esp32-elf/bin/../lib/gcc/xtensa-esp32-elf/8.4.0/crti.o] ==> [/Users/computer-wizz/.espressif/tools/xtensa-esp32-elf/esp-2021r2-8.4.0/xtensa-esp32-elf/lib/gcc/xtensa-esp32-elf/8.4.0/crti.o]
  collapse obj [/Users/computer-wizz/.espressif/tools/xtensa-esp32-elf/esp-2021r2-8.4.0/xtensa-esp32-elf/bin/../lib/gcc/xtensa-esp32-elf/8.4.0/crtbegin.o] ==> [/Users/computer-wizz/.espressif/tools/xtensa-esp32-elf/esp-2021r2-8.4.0/xtensa-esp32-elf/lib/gcc/xtensa-esp32-elf/8.4.0/crtbegin.o]
  collapse obj [/Users/computer-wizz/.espressif/tools/xtensa-esp32-elf/esp-2021r2-8.4.0/xtensa-esp32-elf/bin/../lib/gcc/xtensa-esp32-elf/8.4.0/crtend.o] ==> [/Users/computer-wizz/.espressif/tools/xtensa-esp32-elf/esp-2021r2-8.4.0/xtensa-esp32-elf/lib/gcc/xtensa-esp32-elf/8.4.0/crtend.o]
  collapse obj [/Users/computer-wizz/.espressif/tools/xtensa-esp32-elf/esp-2021r2-8.4.0/xtensa-esp32-elf/bin/../lib/gcc/xtensa-esp32-elf/8.4.0/crtn.o] ==> [/Users/computer-wizz/.espressif/tools/xtensa-esp32-elf/esp-2021r2-8.4.0/xtensa-esp32-elf/lib/gcc/xtensa-esp32-elf/8.4.0/crtn.o]
  collapse library dir [/Users/computer-wizz/.espressif/tools/xtensa-esp32-elf/esp-2021r2-8.4.0/xtensa-esp32-elf/bin/../lib/gcc/xtensa-esp32-elf/8.4.0] ==> [/Users/computer-wizz/.espressif/tools/xtensa-esp32-elf/esp-2021r2-8.4.0/xtensa-esp32-elf/lib/gcc/xtensa-esp32-elf/8.4.0]
  collapse library dir [/Users/computer-wizz/.espressif/tools/xtensa-esp32-elf/esp-2021r2-8.4.0/xtensa-esp32-elf/bin/../lib/gcc] ==> [/Users/computer-wizz/.espressif/tools/xtensa-esp32-elf/esp-2021r2-8.4.0/xtensa-esp32-elf/lib/gcc]
  collapse library dir [/Users/computer-wizz/.espressif/tools/xtensa-esp32-elf/esp-2021r2-8.4.0/xtensa-esp32-elf/bin/../lib/gcc/xtensa-esp32-elf/8.4.0/../../../../xtensa-esp32-elf/lib] ==> [/Users/computer-wizz/.espressif/tools/xtensa-esp32-elf/esp-2021r2-8.4.0/xtensa-esp32-elf/xtensa-esp32-elf/lib]
  implicit libs: [stdc++;m;gcc;c;nosys;c;gcc]
  implicit objs: [/Users/computer-wizz/.espressif/tools/xtensa-esp32-elf/esp-2021r2-8.4.0/xtensa-esp32-elf/xtensa-esp32-elf/lib/crt0.o;/Users/computer-wizz/.espressif/tools/xtensa-esp32-elf/esp-2021r2-8.4.0/xtensa-esp32-elf/lib/gcc/xtensa-esp32-elf/8.4.0/crti.o;/Users/computer-wizz/.espressif/tools/xtensa-esp32-elf/esp-2021r2-8.4.0/xtensa-esp32-elf/lib/gcc/xtensa-esp32-elf/8.4.0/crtbegin.o;/Users/computer-wizz/.espressif/tools/xtensa-esp32-elf/esp-2021r2-8.4.0/xtensa-esp32-elf/lib/gcc/xtensa-esp32-elf/8.4.0/crtend.o;/Users/computer-wizz/.espressif/tools/xtensa-esp32-elf/esp-2021r2-8.4.0/xtensa-esp32-elf/lib/gcc/xtensa-esp32-elf/8.4.0/crtn.o]
  implicit dirs: [/Users/computer-wizz/.espressif/tools/xtensa-esp32-elf/esp-2021r2-8.4.0/xtensa-esp32-elf/lib/gcc/xtensa-esp32-elf/8.4.0;/Users/computer-wizz/.espressif/tools/xtensa-esp32-elf/esp-2021r2-8.4.0/xtensa-esp32-elf/lib/gcc;/Users/computer-wizz/.espressif/tools/xtensa-esp32-elf/esp-2021r2-8.4.0/xtensa-esp32-elf/xtensa-esp32-elf/lib]
  implicit fwks: []


Determining if the include file sys/types.h exists passed with the following output:
Change Dir: /Users/computer-wizz/esp/Quest2/SuperCode/build/CMakeFiles/CMakeTmp

Run Build Command(s):/Users/computer-wizz/.espressif/tools/ninja/1.10.2/ninja cmTC_b1a1b && [1/2] Building C object CMakeFiles/cmTC_b1a1b.dir/CheckIncludeFile.c.obj
[2/2] Linking C executable cmTC_b1a1b



Determining if the include file stdint.h exists passed with the following output:
Change Dir: /Users/computer-wizz/esp/Quest2/SuperCode/build/CMakeFiles/CMakeTmp

Run Build Command(s):/Users/computer-wizz/.espressif/tools/ninja/1.10.2/ninja cmTC_7ad97 && [1/2] Building C object CMakeFiles/cmTC_7ad97.dir/CheckIncludeFile.c.obj
[2/2] Linking C executable cmTC_7ad97



Determining if the include file stddef.h exists passed with the following output:
Change Dir: /Users/computer-wizz/esp/Quest2/SuperCode/build/CMakeFiles/CMakeTmp

Run Build Command(s):/Users/computer-wizz/.espressif/tools/ninja/1.10.2/ninja cmTC_508e6 && [1/2] Building C object CMakeFiles/cmTC_508e6.dir/CheckIncludeFile.c.obj
[2/2] Linking C executable cmTC_508e6



Determining size of time_t passed with the following output:
Change Dir: /Users/computer-wizz/esp/Quest2/SuperCode/build/CMakeFiles/CMakeTmp

Run Build Command(s):/Users/computer-wizz/.espressif/tools/ninja/1.10.2/ninja cmTC_ac49f && [1/2] Building C object CMakeFiles/cmTC_ac49f.dir/TIME_T_SIZE.c.obj
[2/2] Linking C executable cmTC_ac49f



Performing C SOURCE FILE Test C_COMPILER_SUPPORTS_WFORMAT_SIGNEDNESS succeeded with the following output:
Change Dir: /Users/computer-wizz/esp/Quest2/SuperCode/build/CMakeFiles/CMakeTmp

Run Build Command(s):/Users/computer-wizz/.espressif/tools/ninja/1.10.2/ninja cmTC_d9177 && [1/2] Building C object CMakeFiles/cmTC_d9177.dir/src.c.obj
[2/2] Linking C executable cmTC_d9177


Source file was:
int main(void) { return 0; }
